{"name":"hexo","hostname":"Yong-MacBook-Pro.local","pid":10575,"level":20,"msg":"Hexo version: \u001b[35m3.1.1\u001b[39m","time":"2016-01-18T09:56:36.158Z","v":0}
{"name":"hexo","hostname":"Yong-MacBook-Pro.local","pid":10575,"level":20,"msg":"Working directory: \u001b[35m~/Desktop/hexoDemo/\u001b[39m","time":"2016-01-18T09:56:36.163Z","v":0}
{"name":"hexo","hostname":"Yong-MacBook-Pro.local","pid":10575,"level":20,"msg":"Config loaded: \u001b[35m~/Desktop/hexoDemo/_config.yml\u001b[39m","time":"2016-01-18T09:56:36.252Z","v":0}
{"name":"hexo","hostname":"Yong-MacBook-Pro.local","pid":10575,"level":20,"msg":"Plugin loaded: \u001b[35mhexo-generator-archive\u001b[39m","time":"2016-01-18T09:56:36.266Z","v":0}
{"name":"hexo","hostname":"Yong-MacBook-Pro.local","pid":10575,"level":20,"msg":"Plugin loaded: \u001b[35mhexo-deployer-git\u001b[39m","time":"2016-01-18T09:56:36.272Z","v":0}
{"name":"hexo","hostname":"Yong-MacBook-Pro.local","pid":10575,"level":20,"msg":"Plugin loaded: \u001b[35mhexo-generator-category\u001b[39m","time":"2016-01-18T09:56:36.273Z","v":0}
{"name":"hexo","hostname":"Yong-MacBook-Pro.local","pid":10575,"level":20,"msg":"Plugin loaded: \u001b[35mhexo-generator-tag\u001b[39m","time":"2016-01-18T09:56:36.274Z","v":0}
{"name":"hexo","hostname":"Yong-MacBook-Pro.local","pid":10575,"level":20,"msg":"Plugin loaded: \u001b[35mhexo-generator-index\u001b[39m","time":"2016-01-18T09:56:36.275Z","v":0}
{"name":"hexo","hostname":"Yong-MacBook-Pro.local","pid":10575,"level":20,"msg":"Plugin loaded: \u001b[35mhexo-renderer-ejs\u001b[39m","time":"2016-01-18T09:56:36.277Z","v":0}
{"name":"hexo","hostname":"Yong-MacBook-Pro.local","pid":10575,"level":20,"msg":"Plugin loaded: \u001b[35mhexo-renderer-marked\u001b[39m","time":"2016-01-18T09:56:36.342Z","v":0}
{"name":"hexo","hostname":"Yong-MacBook-Pro.local","pid":10575,"level":20,"msg":"Plugin loaded: \u001b[35mhexo-renderer-stylus\u001b[39m","time":"2016-01-18T09:56:36.426Z","v":0}
{"name":"hexo","hostname":"Yong-MacBook-Pro.local","pid":10575,"level":20,"msg":"Plugin loaded: \u001b[35mhexo-server\u001b[39m","time":"2016-01-18T09:56:36.490Z","v":0}
{"name":"hexo","hostname":"Yong-MacBook-Pro.local","pid":10575,"level":20,"msg":"Script loaded: \u001b[35mthemes/next/scripts/filters/sticky.js\u001b[39m","time":"2016-01-18T09:56:36.491Z","v":0}
{"name":"hexo","hostname":"Yong-MacBook-Pro.local","pid":10575,"level":20,"msg":"Script loaded: \u001b[35mthemes/next/scripts/merge-configs.js\u001b[39m","time":"2016-01-18T09:56:36.492Z","v":0}
{"name":"hexo","hostname":"Yong-MacBook-Pro.local","pid":10575,"level":20,"msg":"Script loaded: \u001b[35mthemes/next/scripts/tags/center-quote.js\u001b[39m","time":"2016-01-18T09:56:36.492Z","v":0}
{"name":"hexo","hostname":"Yong-MacBook-Pro.local","pid":10575,"level":20,"msg":"Script loaded: \u001b[35mthemes/next/scripts/tags/full-image.js\u001b[39m","time":"2016-01-18T09:56:36.493Z","v":0}
{"name":"hexo","hostname":"Yong-MacBook-Pro.local","pid":10575,"level":20,"msg":"Script loaded: \u001b[35mthemes/next/scripts/tags/group-pictures.js\u001b[39m","time":"2016-01-18T09:56:36.494Z","v":0}
{"name":"hexo","hostname":"Yong-MacBook-Pro.local","pid":10575,"level":20,"msg":"Loading database.","time":"2016-01-18T09:56:36.504Z","v":0}
{"name":"hexo","hostname":"Yong-MacBook-Pro.local","pid":10575,"level":20,"msg":"Unchanged: \u001b[35msource/_posts/hello-world.md\u001b[39m","time":"2016-01-18T09:56:36.548Z","v":0}
{"name":"hexo","hostname":"Yong-MacBook-Pro.local","pid":10575,"level":20,"msg":"Processed: \u001b[35m_posts/hello-world.md\u001b[39m","time":"2016-01-18T09:56:36.557Z","v":0}
{"name":"hexo","hostname":"Yong-MacBook-Pro.local","pid":10575,"level":20,"msg":"Added: \u001b[35mthemes/next/layout/_scripts/schemes/mist.swig\u001b[39m","time":"2016-01-18T09:56:36.626Z","v":0}
{"name":"hexo","hostname":"Yong-MacBook-Pro.local","pid":10575,"level":20,"msg":"Added: \u001b[35mthemes/next/layout/_scripts/schemes/muse.swig\u001b[39m","time":"2016-01-18T09:56:36.627Z","v":0}
{"name":"hexo","hostname":"Yong-MacBook-Pro.local","pid":10575,"level":20,"msg":"Added: \u001b[35mthemes/next/source/css/_mixins/Mist.styl\u001b[39m","time":"2016-01-18T09:56:36.627Z","v":0}
{"name":"hexo","hostname":"Yong-MacBook-Pro.local","pid":10575,"level":20,"msg":"Added: \u001b[35mthemes/next/source/css/_mixins/Muse.styl\u001b[39m","time":"2016-01-18T09:56:36.627Z","v":0}
{"name":"hexo","hostname":"Yong-MacBook-Pro.local","pid":10575,"level":20,"msg":"Added: \u001b[35mthemes/next/source/css/_mixins/custom.styl\u001b[39m","time":"2016-01-18T09:56:36.627Z","v":0}
{"name":"hexo","hostname":"Yong-MacBook-Pro.local","pid":10575,"level":20,"msg":"Added: \u001b[35mthemes/next/source/css/_variables/Muse.styl\u001b[39m","time":"2016-01-18T09:56:36.627Z","v":0}
{"name":"hexo","hostname":"Yong-MacBook-Pro.local","pid":10575,"level":20,"msg":"Added: \u001b[35mthemes/next/source/css/_variables/custom.styl\u001b[39m","time":"2016-01-18T09:56:36.627Z","v":0}
{"name":"hexo","hostname":"Yong-MacBook-Pro.local","pid":10575,"level":20,"msg":"Added: \u001b[35mthemes/next/README.en.md\u001b[39m","time":"2016-01-18T09:56:36.640Z","v":0}
{"name":"hexo","hostname":"Yong-MacBook-Pro.local","pid":10575,"level":20,"msg":"Added: \u001b[35mthemes/next/README.md\u001b[39m","time":"2016-01-18T09:56:36.641Z","v":0}
{"name":"hexo","hostname":"Yong-MacBook-Pro.local","pid":10575,"level":20,"msg":"Added: \u001b[35mthemes/next/_config.yml\u001b[39m","time":"2016-01-18T09:56:36.641Z","v":0}
{"name":"hexo","hostname":"Yong-MacBook-Pro.local","pid":10575,"level":20,"msg":"Added: \u001b[35mthemes/next/bower.json\u001b[39m","time":"2016-01-18T09:56:36.641Z","v":0}
{"name":"hexo","hostname":"Yong-MacBook-Pro.local","pid":10575,"level":20,"msg":"Added: \u001b[35mthemes/next/gulpfile.coffee\u001b[39m","time":"2016-01-18T09:56:36.642Z","v":0}
{"name":"hexo","hostname":"Yong-MacBook-Pro.local","pid":10575,"level":20,"msg":"Added: \u001b[35mthemes/next/languages/de.yml\u001b[39m","time":"2016-01-18T09:56:36.642Z","v":0}
{"name":"hexo","hostname":"Yong-MacBook-Pro.local","pid":10575,"level":20,"msg":"Added: \u001b[35mthemes/next/languages/default.yml\u001b[39m","time":"2016-01-18T09:56:36.642Z","v":0}
{"name":"hexo","hostname":"Yong-MacBook-Pro.local","pid":10575,"level":20,"msg":"Added: \u001b[35mthemes/next/languages/en.yml\u001b[39m","time":"2016-01-18T09:56:36.643Z","v":0}
{"name":"hexo","hostname":"Yong-MacBook-Pro.local","pid":10575,"level":20,"msg":"Added: \u001b[35mthemes/next/languages/fr-FR.yml\u001b[39m","time":"2016-01-18T09:56:36.643Z","v":0}
{"name":"hexo","hostname":"Yong-MacBook-Pro.local","pid":10575,"level":20,"msg":"Added: \u001b[35mthemes/next/languages/pt.yml\u001b[39m","time":"2016-01-18T09:56:36.643Z","v":0}
{"name":"hexo","hostname":"Yong-MacBook-Pro.local","pid":10575,"level":20,"msg":"Added: \u001b[35mthemes/next/languages/ru.yml\u001b[39m","time":"2016-01-18T09:56:36.643Z","v":0}
{"name":"hexo","hostname":"Yong-MacBook-Pro.local","pid":10575,"level":20,"msg":"Added: \u001b[35mthemes/next/languages/zh-Hans.yml\u001b[39m","time":"2016-01-18T09:56:36.643Z","v":0}
{"name":"hexo","hostname":"Yong-MacBook-Pro.local","pid":10575,"level":20,"msg":"Added: \u001b[35mthemes/next/languages/zh-hk.yml\u001b[39m","time":"2016-01-18T09:56:36.643Z","v":0}
{"name":"hexo","hostname":"Yong-MacBook-Pro.local","pid":10575,"level":20,"msg":"Added: \u001b[35mthemes/next/languages/zh-tw.yml\u001b[39m","time":"2016-01-18T09:56:36.644Z","v":0}
{"name":"hexo","hostname":"Yong-MacBook-Pro.local","pid":10575,"level":20,"msg":"Added: \u001b[35mthemes/next/layout/_layout.swig\u001b[39m","time":"2016-01-18T09:56:36.644Z","v":0}
{"name":"hexo","hostname":"Yong-MacBook-Pro.local","pid":10575,"level":20,"msg":"Added: \u001b[35mthemes/next/layout/_macro/post-collapse.swig\u001b[39m","time":"2016-01-18T09:56:36.644Z","v":0}
{"name":"hexo","hostname":"Yong-MacBook-Pro.local","pid":10575,"level":20,"msg":"Added: \u001b[35mthemes/next/layout/_macro/post.swig\u001b[39m","time":"2016-01-18T09:56:36.644Z","v":0}
{"name":"hexo","hostname":"Yong-MacBook-Pro.local","pid":10575,"level":20,"msg":"Added: \u001b[35mthemes/next/layout/_macro/sidebar.swig\u001b[39m","time":"2016-01-18T09:56:36.644Z","v":0}
{"name":"hexo","hostname":"Yong-MacBook-Pro.local","pid":10575,"level":20,"msg":"Added: \u001b[35mthemes/next/layout/_partials/comments.swig\u001b[39m","time":"2016-01-18T09:56:36.644Z","v":0}
{"name":"hexo","hostname":"Yong-MacBook-Pro.local","pid":10575,"level":20,"msg":"Added: \u001b[35mthemes/next/layout/_partials/duoshuo-hot-articles.swig\u001b[39m","time":"2016-01-18T09:56:36.644Z","v":0}
{"name":"hexo","hostname":"Yong-MacBook-Pro.local","pid":10575,"level":20,"msg":"Added: \u001b[35mthemes/next/layout/_partials/footer.swig\u001b[39m","time":"2016-01-18T09:56:36.645Z","v":0}
{"name":"hexo","hostname":"Yong-MacBook-Pro.local","pid":10575,"level":20,"msg":"Added: \u001b[35mthemes/next/layout/_partials/head.swig\u001b[39m","time":"2016-01-18T09:56:36.645Z","v":0}
{"name":"hexo","hostname":"Yong-MacBook-Pro.local","pid":10575,"level":20,"msg":"Added: \u001b[35mthemes/next/layout/_partials/header.swig\u001b[39m","time":"2016-01-18T09:56:36.645Z","v":0}
{"name":"hexo","hostname":"Yong-MacBook-Pro.local","pid":10575,"level":20,"msg":"Added: \u001b[35mthemes/next/layout/_partials/pagination.swig\u001b[39m","time":"2016-01-18T09:56:36.645Z","v":0}
{"name":"hexo","hostname":"Yong-MacBook-Pro.local","pid":10575,"level":20,"msg":"Added: \u001b[35mthemes/next/layout/_partials/search/swiftype.swig\u001b[39m","time":"2016-01-18T09:56:36.645Z","v":0}
{"name":"hexo","hostname":"Yong-MacBook-Pro.local","pid":10575,"level":20,"msg":"Added: \u001b[35mthemes/next/layout/_partials/search/tinysou.swig\u001b[39m","time":"2016-01-18T09:56:36.645Z","v":0}
{"name":"hexo","hostname":"Yong-MacBook-Pro.local","pid":10575,"level":20,"msg":"Added: \u001b[35mthemes/next/layout/_partials/search.swig\u001b[39m","time":"2016-01-18T09:56:36.645Z","v":0}
{"name":"hexo","hostname":"Yong-MacBook-Pro.local","pid":10575,"level":20,"msg":"Added: \u001b[35mthemes/next/layout/_partials/share/duoshuo_share.swig\u001b[39m","time":"2016-01-18T09:56:36.646Z","v":0}
{"name":"hexo","hostname":"Yong-MacBook-Pro.local","pid":10575,"level":20,"msg":"Added: \u001b[35mthemes/next/layout/_partials/share/jiathis.swig\u001b[39m","time":"2016-01-18T09:56:36.646Z","v":0}
{"name":"hexo","hostname":"Yong-MacBook-Pro.local","pid":10575,"level":20,"msg":"Added: \u001b[35mthemes/next/layout/_scripts/boostrap.swig\u001b[39m","time":"2016-01-18T09:56:36.646Z","v":0}
{"name":"hexo","hostname":"Yong-MacBook-Pro.local","pid":10575,"level":20,"msg":"Added: \u001b[35mthemes/next/layout/_scripts/commons.swig\u001b[39m","time":"2016-01-18T09:56:36.646Z","v":0}
{"name":"hexo","hostname":"Yong-MacBook-Pro.local","pid":10575,"level":20,"msg":"Added: \u001b[35mthemes/next/layout/_scripts/pages/post-details.swig\u001b[39m","time":"2016-01-18T09:56:36.646Z","v":0}
{"name":"hexo","hostname":"Yong-MacBook-Pro.local","pid":10575,"level":20,"msg":"Added: \u001b[35mthemes/next/layout/_scripts/schemes/pisces.swig\u001b[39m","time":"2016-01-18T09:56:36.646Z","v":0}
{"name":"hexo","hostname":"Yong-MacBook-Pro.local","pid":10575,"level":20,"msg":"Added: \u001b[35mthemes/next/layout/_scripts/third-party/analytics/baidu-analytics.swig\u001b[39m","time":"2016-01-18T09:56:36.646Z","v":0}
{"name":"hexo","hostname":"Yong-MacBook-Pro.local","pid":10575,"level":20,"msg":"Added: \u001b[35mthemes/next/layout/_scripts/third-party/analytics/facebook-sdk.swig\u001b[39m","time":"2016-01-18T09:56:36.646Z","v":0}
{"name":"hexo","hostname":"Yong-MacBook-Pro.local","pid":10575,"level":20,"msg":"Added: \u001b[35mthemes/next/layout/_scripts/third-party/analytics/google-analytics.swig\u001b[39m","time":"2016-01-18T09:56:36.646Z","v":0}
{"name":"hexo","hostname":"Yong-MacBook-Pro.local","pid":10575,"level":20,"msg":"Added: \u001b[35mthemes/next/layout/_scripts/third-party/analytics/tencent-analytics.swig\u001b[39m","time":"2016-01-18T09:56:36.646Z","v":0}
{"name":"hexo","hostname":"Yong-MacBook-Pro.local","pid":10575,"level":20,"msg":"Added: \u001b[35mthemes/next/layout/_scripts/third-party/analytics.swig\u001b[39m","time":"2016-01-18T09:56:36.647Z","v":0}
{"name":"hexo","hostname":"Yong-MacBook-Pro.local","pid":10575,"level":20,"msg":"Added: \u001b[35mthemes/next/layout/_scripts/third-party/baidushare.swig\u001b[39m","time":"2016-01-18T09:56:36.647Z","v":0}
{"name":"hexo","hostname":"Yong-MacBook-Pro.local","pid":10575,"level":20,"msg":"Added: \u001b[35mthemes/next/layout/_scripts/third-party/comments/disqus.swig\u001b[39m","time":"2016-01-18T09:56:36.647Z","v":0}
{"name":"hexo","hostname":"Yong-MacBook-Pro.local","pid":10575,"level":20,"msg":"Added: \u001b[35mthemes/next/layout/_scripts/third-party/comments/duoshuo.swig\u001b[39m","time":"2016-01-18T09:56:36.647Z","v":0}
{"name":"hexo","hostname":"Yong-MacBook-Pro.local","pid":10575,"level":20,"msg":"Added: \u001b[35mthemes/next/layout/_scripts/third-party/comments.swig\u001b[39m","time":"2016-01-18T09:56:36.647Z","v":0}
{"name":"hexo","hostname":"Yong-MacBook-Pro.local","pid":10575,"level":20,"msg":"Added: \u001b[35mthemes/next/layout/_scripts/third-party/lean-analytics.swig\u001b[39m","time":"2016-01-18T09:56:36.647Z","v":0}
{"name":"hexo","hostname":"Yong-MacBook-Pro.local","pid":10575,"level":20,"msg":"Added: \u001b[35mthemes/next/layout/_scripts/third-party/mathjax.swig\u001b[39m","time":"2016-01-18T09:56:36.647Z","v":0}
{"name":"hexo","hostname":"Yong-MacBook-Pro.local","pid":10575,"level":20,"msg":"Added: \u001b[35mthemes/next/layout/_scripts/third-party/tinysou.swig\u001b[39m","time":"2016-01-18T09:56:36.647Z","v":0}
{"name":"hexo","hostname":"Yong-MacBook-Pro.local","pid":10575,"level":20,"msg":"Added: \u001b[35mthemes/next/layout/_scripts/vendors.swig\u001b[39m","time":"2016-01-18T09:56:36.647Z","v":0}
{"name":"hexo","hostname":"Yong-MacBook-Pro.local","pid":10575,"level":20,"msg":"Added: \u001b[35mthemes/next/layout/archive.swig\u001b[39m","time":"2016-01-18T09:56:36.647Z","v":0}
{"name":"hexo","hostname":"Yong-MacBook-Pro.local","pid":10575,"level":20,"msg":"Added: \u001b[35mthemes/next/layout/category.swig\u001b[39m","time":"2016-01-18T09:56:36.648Z","v":0}
{"name":"hexo","hostname":"Yong-MacBook-Pro.local","pid":10575,"level":20,"msg":"Added: \u001b[35mthemes/next/layout/index.swig\u001b[39m","time":"2016-01-18T09:56:36.648Z","v":0}
{"name":"hexo","hostname":"Yong-MacBook-Pro.local","pid":10575,"level":20,"msg":"Added: \u001b[35mthemes/next/layout/page.swig\u001b[39m","time":"2016-01-18T09:56:36.648Z","v":0}
{"name":"hexo","hostname":"Yong-MacBook-Pro.local","pid":10575,"level":20,"msg":"Added: \u001b[35mthemes/next/layout/post.swig\u001b[39m","time":"2016-01-18T09:56:36.648Z","v":0}
{"name":"hexo","hostname":"Yong-MacBook-Pro.local","pid":10575,"level":20,"msg":"Added: \u001b[35mthemes/next/layout/tag.swig\u001b[39m","time":"2016-01-18T09:56:36.648Z","v":0}
{"name":"hexo","hostname":"Yong-MacBook-Pro.local","pid":10575,"level":20,"msg":"Added: \u001b[35mthemes/next/package.json\u001b[39m","time":"2016-01-18T09:56:36.648Z","v":0}
{"name":"hexo","hostname":"Yong-MacBook-Pro.local","pid":10575,"level":20,"msg":"Added: \u001b[35mthemes/next/scripts/filters/sticky.js\u001b[39m","time":"2016-01-18T09:56:36.648Z","v":0}
{"name":"hexo","hostname":"Yong-MacBook-Pro.local","pid":10575,"level":20,"msg":"Added: \u001b[35mthemes/next/scripts/merge-configs.js\u001b[39m","time":"2016-01-18T09:56:36.648Z","v":0}
{"name":"hexo","hostname":"Yong-MacBook-Pro.local","pid":10575,"level":20,"msg":"Added: \u001b[35mthemes/next/scripts/tags/center-quote.js\u001b[39m","time":"2016-01-18T09:56:36.648Z","v":0}
{"name":"hexo","hostname":"Yong-MacBook-Pro.local","pid":10575,"level":20,"msg":"Added: \u001b[35mthemes/next/scripts/tags/full-image.js\u001b[39m","time":"2016-01-18T09:56:36.648Z","v":0}
{"name":"hexo","hostname":"Yong-MacBook-Pro.local","pid":10575,"level":20,"msg":"Added: \u001b[35mthemes/next/scripts/tags/group-pictures.js\u001b[39m","time":"2016-01-18T09:56:36.648Z","v":0}
{"name":"hexo","hostname":"Yong-MacBook-Pro.local","pid":10575,"level":20,"msg":"Added: \u001b[35mthemes/next/source/css/_common/_component/posts-expand.styl\u001b[39m","time":"2016-01-18T09:56:36.648Z","v":0}
{"name":"hexo","hostname":"Yong-MacBook-Pro.local","pid":10575,"level":20,"msg":"Added: \u001b[35mthemes/next/source/css/_common/_section/header.styl\u001b[39m","time":"2016-01-18T09:56:36.649Z","v":0}
{"name":"hexo","hostname":"Yong-MacBook-Pro.local","pid":10575,"level":20,"msg":"Added: \u001b[35mthemes/next/source/css/_common/components/back-to-top.styl\u001b[39m","time":"2016-01-18T09:56:36.649Z","v":0}
{"name":"hexo","hostname":"Yong-MacBook-Pro.local","pid":10575,"level":20,"msg":"Added: \u001b[35mthemes/next/source/css/_common/components/buttons.styl\u001b[39m","time":"2016-01-18T09:56:36.649Z","v":0}
{"name":"hexo","hostname":"Yong-MacBook-Pro.local","pid":10575,"level":20,"msg":"Added: \u001b[35mthemes/next/source/css/_common/components/comments.styl\u001b[39m","time":"2016-01-18T09:56:36.649Z","v":0}
{"name":"hexo","hostname":"Yong-MacBook-Pro.local","pid":10575,"level":20,"msg":"Added: \u001b[35mthemes/next/source/css/_common/components/components.styl\u001b[39m","time":"2016-01-18T09:56:36.649Z","v":0}
{"name":"hexo","hostname":"Yong-MacBook-Pro.local","pid":10575,"level":20,"msg":"Added: \u001b[35mthemes/next/source/css/_common/components/footer/footer.styl\u001b[39m","time":"2016-01-18T09:56:36.649Z","v":0}
{"name":"hexo","hostname":"Yong-MacBook-Pro.local","pid":10575,"level":20,"msg":"Added: \u001b[35mthemes/next/source/css/_common/components/header/header.styl\u001b[39m","time":"2016-01-18T09:56:36.649Z","v":0}
{"name":"hexo","hostname":"Yong-MacBook-Pro.local","pid":10575,"level":20,"msg":"Added: \u001b[35mthemes/next/source/css/_common/components/header/headerband.styl\u001b[39m","time":"2016-01-18T09:56:36.649Z","v":0}
{"name":"hexo","hostname":"Yong-MacBook-Pro.local","pid":10575,"level":20,"msg":"Added: \u001b[35mthemes/next/source/css/_common/components/header/menu.styl\u001b[39m","time":"2016-01-18T09:56:36.649Z","v":0}
{"name":"hexo","hostname":"Yong-MacBook-Pro.local","pid":10575,"level":20,"msg":"Added: \u001b[35mthemes/next/source/css/_common/components/header/site-meta.styl\u001b[39m","time":"2016-01-18T09:56:36.649Z","v":0}
{"name":"hexo","hostname":"Yong-MacBook-Pro.local","pid":10575,"level":20,"msg":"Added: \u001b[35mthemes/next/source/css/_common/components/header/site-nav.styl\u001b[39m","time":"2016-01-18T09:56:36.649Z","v":0}
{"name":"hexo","hostname":"Yong-MacBook-Pro.local","pid":10575,"level":20,"msg":"Added: \u001b[35mthemes/next/source/css/_common/components/highlight/highlight.styl\u001b[39m","time":"2016-01-18T09:56:36.649Z","v":0}
{"name":"hexo","hostname":"Yong-MacBook-Pro.local","pid":10575,"level":20,"msg":"Added: \u001b[35mthemes/next/source/css/_common/components/highlight/theme.styl\u001b[39m","time":"2016-01-18T09:56:36.650Z","v":0}
{"name":"hexo","hostname":"Yong-MacBook-Pro.local","pid":10575,"level":20,"msg":"Added: \u001b[35mthemes/next/source/css/_common/components/pages/archive.styl\u001b[39m","time":"2016-01-18T09:56:36.650Z","v":0}
{"name":"hexo","hostname":"Yong-MacBook-Pro.local","pid":10575,"level":20,"msg":"Added: \u001b[35mthemes/next/source/css/_common/components/pages/categories.styl\u001b[39m","time":"2016-01-18T09:56:36.650Z","v":0}
{"name":"hexo","hostname":"Yong-MacBook-Pro.local","pid":10575,"level":20,"msg":"Added: \u001b[35mthemes/next/source/css/_common/components/pagination.styl\u001b[39m","time":"2016-01-18T09:56:36.650Z","v":0}
{"name":"hexo","hostname":"Yong-MacBook-Pro.local","pid":10575,"level":20,"msg":"Added: \u001b[35mthemes/next/source/css/_common/components/pages/pages.styl\u001b[39m","time":"2016-01-18T09:56:36.650Z","v":0}
{"name":"hexo","hostname":"Yong-MacBook-Pro.local","pid":10575,"level":20,"msg":"Added: \u001b[35mthemes/next/source/css/_common/components/pages/post-detail.styl\u001b[39m","time":"2016-01-18T09:56:36.650Z","v":0}
{"name":"hexo","hostname":"Yong-MacBook-Pro.local","pid":10575,"level":20,"msg":"Added: \u001b[35mthemes/next/source/css/_common/components/post/post-collapse.styl\u001b[39m","time":"2016-01-18T09:56:36.650Z","v":0}
{"name":"hexo","hostname":"Yong-MacBook-Pro.local","pid":10575,"level":20,"msg":"Added: \u001b[35mthemes/next/source/css/_common/components/post/post-eof.styl\u001b[39m","time":"2016-01-18T09:56:36.650Z","v":0}
{"name":"hexo","hostname":"Yong-MacBook-Pro.local","pid":10575,"level":20,"msg":"Added: \u001b[35mthemes/next/source/css/_common/components/post/post-expand.styl\u001b[39m","time":"2016-01-18T09:56:36.650Z","v":0}
{"name":"hexo","hostname":"Yong-MacBook-Pro.local","pid":10575,"level":20,"msg":"Added: \u001b[35mthemes/next/source/css/_common/components/post/post-gallery.styl\u001b[39m","time":"2016-01-18T09:56:36.650Z","v":0}
{"name":"hexo","hostname":"Yong-MacBook-Pro.local","pid":10575,"level":20,"msg":"Added: \u001b[35mthemes/next/source/css/_common/components/post/post-meta.styl\u001b[39m","time":"2016-01-18T09:56:36.650Z","v":0}
{"name":"hexo","hostname":"Yong-MacBook-Pro.local","pid":10575,"level":20,"msg":"Added: \u001b[35mthemes/next/source/css/_common/components/post/post-more-link.styl\u001b[39m","time":"2016-01-18T09:56:36.650Z","v":0}
{"name":"hexo","hostname":"Yong-MacBook-Pro.local","pid":10575,"level":20,"msg":"Added: \u001b[35mthemes/next/source/css/_common/components/post/post-nav.styl\u001b[39m","time":"2016-01-18T09:56:36.651Z","v":0}
{"name":"hexo","hostname":"Yong-MacBook-Pro.local","pid":10575,"level":20,"msg":"Added: \u001b[35mthemes/next/source/css/_common/components/post/post-tags.styl\u001b[39m","time":"2016-01-18T09:56:36.651Z","v":0}
{"name":"hexo","hostname":"Yong-MacBook-Pro.local","pid":10575,"level":20,"msg":"Added: \u001b[35mthemes/next/source/css/_common/components/post/post-title.styl\u001b[39m","time":"2016-01-18T09:56:36.651Z","v":0}
{"name":"hexo","hostname":"Yong-MacBook-Pro.local","pid":10575,"level":20,"msg":"Added: \u001b[35mthemes/next/source/css/_common/components/post/post-type.styl\u001b[39m","time":"2016-01-18T09:56:36.651Z","v":0}
{"name":"hexo","hostname":"Yong-MacBook-Pro.local","pid":10575,"level":20,"msg":"Added: \u001b[35mthemes/next/source/css/_common/components/post/post.styl\u001b[39m","time":"2016-01-18T09:56:36.651Z","v":0}
{"name":"hexo","hostname":"Yong-MacBook-Pro.local","pid":10575,"level":20,"msg":"Added: \u001b[35mthemes/next/source/css/_common/components/sidebar/sidebar-author-links.styl\u001b[39m","time":"2016-01-18T09:56:36.651Z","v":0}
{"name":"hexo","hostname":"Yong-MacBook-Pro.local","pid":10575,"level":20,"msg":"Added: \u001b[35mthemes/next/source/css/_common/components/sidebar/sidebar-author.styl\u001b[39m","time":"2016-01-18T09:56:36.651Z","v":0}
{"name":"hexo","hostname":"Yong-MacBook-Pro.local","pid":10575,"level":20,"msg":"Added: \u001b[35mthemes/next/source/css/_common/components/sidebar/sidebar-feed-link.styl\u001b[39m","time":"2016-01-18T09:56:36.651Z","v":0}
{"name":"hexo","hostname":"Yong-MacBook-Pro.local","pid":10575,"level":20,"msg":"Added: \u001b[35mthemes/next/source/css/_common/components/sidebar/sidebar-nav.styl\u001b[39m","time":"2016-01-18T09:56:36.651Z","v":0}
{"name":"hexo","hostname":"Yong-MacBook-Pro.local","pid":10575,"level":20,"msg":"Added: \u001b[35mthemes/next/source/css/_common/components/sidebar/sidebar-toc.styl\u001b[39m","time":"2016-01-18T09:56:36.651Z","v":0}
{"name":"hexo","hostname":"Yong-MacBook-Pro.local","pid":10575,"level":20,"msg":"Added: \u001b[35mthemes/next/source/css/_common/components/sidebar/sidebar-toggle.styl\u001b[39m","time":"2016-01-18T09:56:36.651Z","v":0}
{"name":"hexo","hostname":"Yong-MacBook-Pro.local","pid":10575,"level":20,"msg":"Added: \u001b[35mthemes/next/source/css/_common/components/sidebar/sidebar.styl\u001b[39m","time":"2016-01-18T09:56:36.651Z","v":0}
{"name":"hexo","hostname":"Yong-MacBook-Pro.local","pid":10575,"level":20,"msg":"Added: \u001b[35mthemes/next/source/css/_common/components/sidebar/site-state.styl\u001b[39m","time":"2016-01-18T09:56:36.652Z","v":0}
{"name":"hexo","hostname":"Yong-MacBook-Pro.local","pid":10575,"level":20,"msg":"Added: \u001b[35mthemes/next/source/css/_common/components/tag-cloud.styl\u001b[39m","time":"2016-01-18T09:56:36.652Z","v":0}
{"name":"hexo","hostname":"Yong-MacBook-Pro.local","pid":10575,"level":20,"msg":"Added: \u001b[35mthemes/next/source/css/_common/components/tags/blockquote-center.styl\u001b[39m","time":"2016-01-18T09:56:36.652Z","v":0}
{"name":"hexo","hostname":"Yong-MacBook-Pro.local","pid":10575,"level":20,"msg":"Added: \u001b[35mthemes/next/source/css/_common/components/tags/full-image.styl\u001b[39m","time":"2016-01-18T09:56:36.652Z","v":0}
{"name":"hexo","hostname":"Yong-MacBook-Pro.local","pid":10575,"level":20,"msg":"Added: \u001b[35mthemes/next/source/css/_common/components/tags/tags.styl\u001b[39m","time":"2016-01-18T09:56:36.652Z","v":0}
{"name":"hexo","hostname":"Yong-MacBook-Pro.local","pid":10575,"level":20,"msg":"Added: \u001b[35mthemes/next/source/css/_common/components/tags/group-pictures.styl\u001b[39m","time":"2016-01-18T09:56:36.652Z","v":0}
{"name":"hexo","hostname":"Yong-MacBook-Pro.local","pid":10575,"level":20,"msg":"Added: \u001b[35mthemes/next/source/css/_common/components/third-party/duoshuo.styl\u001b[39m","time":"2016-01-18T09:56:36.654Z","v":0}
{"name":"hexo","hostname":"Yong-MacBook-Pro.local","pid":10575,"level":20,"msg":"Added: \u001b[35mthemes/next/source/css/_common/components/third-party/jiathis.styl\u001b[39m","time":"2016-01-18T09:56:36.654Z","v":0}
{"name":"hexo","hostname":"Yong-MacBook-Pro.local","pid":10575,"level":20,"msg":"Added: \u001b[35mthemes/next/source/css/_common/components/third-party/third-party.styl\u001b[39m","time":"2016-01-18T09:56:36.654Z","v":0}
{"name":"hexo","hostname":"Yong-MacBook-Pro.local","pid":10575,"level":20,"msg":"Added: \u001b[35mthemes/next/source/css/_common/outline/outline.styl\u001b[39m","time":"2016-01-18T09:56:36.654Z","v":0}
{"name":"hexo","hostname":"Yong-MacBook-Pro.local","pid":10575,"level":20,"msg":"Added: \u001b[35mthemes/next/source/css/_common/scaffolding/base.styl\u001b[39m","time":"2016-01-18T09:56:36.655Z","v":0}
{"name":"hexo","hostname":"Yong-MacBook-Pro.local","pid":10575,"level":20,"msg":"Added: \u001b[35mthemes/next/source/css/_common/scaffolding/helpers.styl\u001b[39m","time":"2016-01-18T09:56:36.655Z","v":0}
{"name":"hexo","hostname":"Yong-MacBook-Pro.local","pid":10575,"level":20,"msg":"Added: \u001b[35mthemes/next/source/css/_common/scaffolding/normalize.styl\u001b[39m","time":"2016-01-18T09:56:36.656Z","v":0}
{"name":"hexo","hostname":"Yong-MacBook-Pro.local","pid":10575,"level":20,"msg":"Added: \u001b[35mthemes/next/source/css/_common/scaffolding/scaffolding.styl\u001b[39m","time":"2016-01-18T09:56:36.656Z","v":0}
{"name":"hexo","hostname":"Yong-MacBook-Pro.local","pid":10575,"level":20,"msg":"Added: \u001b[35mthemes/next/source/css/_common/scaffolding/tables.styl\u001b[39m","time":"2016-01-18T09:56:36.656Z","v":0}
{"name":"hexo","hostname":"Yong-MacBook-Pro.local","pid":10575,"level":20,"msg":"Added: \u001b[35mthemes/next/source/css/_custom/custom.styl\u001b[39m","time":"2016-01-18T09:56:36.656Z","v":0}
{"name":"hexo","hostname":"Yong-MacBook-Pro.local","pid":10575,"level":20,"msg":"Added: \u001b[35mthemes/next/source/css/_mixins/Pisces.styl\u001b[39m","time":"2016-01-18T09:56:36.656Z","v":0}
{"name":"hexo","hostname":"Yong-MacBook-Pro.local","pid":10575,"level":20,"msg":"Added: \u001b[35mthemes/next/source/css/_mixins/base.styl\u001b[39m","time":"2016-01-18T09:56:36.656Z","v":0}
{"name":"hexo","hostname":"Yong-MacBook-Pro.local","pid":10575,"level":20,"msg":"Added: \u001b[35mthemes/next/source/css/_schemes/Mist/_base.styl\u001b[39m","time":"2016-01-18T09:56:36.656Z","v":0}
{"name":"hexo","hostname":"Yong-MacBook-Pro.local","pid":10575,"level":20,"msg":"Added: \u001b[35mthemes/next/source/css/_schemes/Mist/_header.styl\u001b[39m","time":"2016-01-18T09:56:36.656Z","v":0}
{"name":"hexo","hostname":"Yong-MacBook-Pro.local","pid":10575,"level":20,"msg":"Added: \u001b[35mthemes/next/source/css/_schemes/Mist/_logo.styl\u001b[39m","time":"2016-01-18T09:56:36.656Z","v":0}
{"name":"hexo","hostname":"Yong-MacBook-Pro.local","pid":10575,"level":20,"msg":"Added: \u001b[35mthemes/next/source/css/_schemes/Mist/_menu.styl\u001b[39m","time":"2016-01-18T09:56:36.657Z","v":0}
{"name":"hexo","hostname":"Yong-MacBook-Pro.local","pid":10575,"level":20,"msg":"Added: \u001b[35mthemes/next/source/css/_schemes/Mist/_posts-expanded.styl\u001b[39m","time":"2016-01-18T09:56:36.657Z","v":0}
{"name":"hexo","hostname":"Yong-MacBook-Pro.local","pid":10575,"level":20,"msg":"Added: \u001b[35mthemes/next/source/css/_schemes/Mist/index.styl\u001b[39m","time":"2016-01-18T09:56:36.657Z","v":0}
{"name":"hexo","hostname":"Yong-MacBook-Pro.local","pid":10575,"level":20,"msg":"Added: \u001b[35mthemes/next/source/css/_schemes/Muse/_logo.styl\u001b[39m","time":"2016-01-18T09:56:36.657Z","v":0}
{"name":"hexo","hostname":"Yong-MacBook-Pro.local","pid":10575,"level":20,"msg":"Added: \u001b[35mthemes/next/source/css/_schemes/Muse/_menu.styl\u001b[39m","time":"2016-01-18T09:56:36.658Z","v":0}
{"name":"hexo","hostname":"Yong-MacBook-Pro.local","pid":10575,"level":20,"msg":"Added: \u001b[35mthemes/next/source/css/_schemes/Muse/_search.styl\u001b[39m","time":"2016-01-18T09:56:36.659Z","v":0}
{"name":"hexo","hostname":"Yong-MacBook-Pro.local","pid":10575,"level":20,"msg":"Added: \u001b[35mthemes/next/source/css/_schemes/Muse/index.styl\u001b[39m","time":"2016-01-18T09:56:36.659Z","v":0}
{"name":"hexo","hostname":"Yong-MacBook-Pro.local","pid":10575,"level":20,"msg":"Added: \u001b[35mthemes/next/source/css/_schemes/Pisces/_brand.styl\u001b[39m","time":"2016-01-18T09:56:36.659Z","v":0}
{"name":"hexo","hostname":"Yong-MacBook-Pro.local","pid":10575,"level":20,"msg":"Added: \u001b[35mthemes/next/source/css/_schemes/Pisces/_full-image.styl\u001b[39m","time":"2016-01-18T09:56:36.660Z","v":0}
{"name":"hexo","hostname":"Yong-MacBook-Pro.local","pid":10575,"level":20,"msg":"Added: \u001b[35mthemes/next/source/css/_schemes/Pisces/_layout.styl\u001b[39m","time":"2016-01-18T09:56:36.660Z","v":0}
{"name":"hexo","hostname":"Yong-MacBook-Pro.local","pid":10575,"level":20,"msg":"Added: \u001b[35mthemes/next/source/css/_schemes/Pisces/_menu.styl\u001b[39m","time":"2016-01-18T09:56:36.660Z","v":0}
{"name":"hexo","hostname":"Yong-MacBook-Pro.local","pid":10575,"level":20,"msg":"Added: \u001b[35mthemes/next/source/css/_schemes/Pisces/_posts.styl\u001b[39m","time":"2016-01-18T09:56:36.660Z","v":0}
{"name":"hexo","hostname":"Yong-MacBook-Pro.local","pid":10575,"level":20,"msg":"Added: \u001b[35mthemes/next/source/css/_schemes/Pisces/_sidebar.styl\u001b[39m","time":"2016-01-18T09:56:36.661Z","v":0}
{"name":"hexo","hostname":"Yong-MacBook-Pro.local","pid":10575,"level":20,"msg":"Added: \u001b[35mthemes/next/source/css/_schemes/Pisces/index.styl\u001b[39m","time":"2016-01-18T09:56:36.661Z","v":0}
{"name":"hexo","hostname":"Yong-MacBook-Pro.local","pid":10575,"level":20,"msg":"Added: \u001b[35mthemes/next/source/css/_variables/Mist.styl\u001b[39m","time":"2016-01-18T09:56:36.661Z","v":0}
{"name":"hexo","hostname":"Yong-MacBook-Pro.local","pid":10575,"level":20,"msg":"Added: \u001b[35mthemes/next/source/css/_variables/Pisces.styl\u001b[39m","time":"2016-01-18T09:56:36.661Z","v":0}
{"name":"hexo","hostname":"Yong-MacBook-Pro.local","pid":10575,"level":20,"msg":"Added: \u001b[35mthemes/next/source/css/_variables/base.styl\u001b[39m","time":"2016-01-18T09:56:36.662Z","v":0}
{"name":"hexo","hostname":"Yong-MacBook-Pro.local","pid":10575,"level":20,"msg":"Added: \u001b[35mthemes/next/source/css/_variables/default.styl\u001b[39m","time":"2016-01-18T09:56:36.662Z","v":0}
{"name":"hexo","hostname":"Yong-MacBook-Pro.local","pid":10575,"level":20,"msg":"Added: \u001b[35mthemes/next/source/css/main.styl\u001b[39m","time":"2016-01-18T09:56:36.662Z","v":0}
{"name":"hexo","hostname":"Yong-MacBook-Pro.local","pid":10575,"level":20,"msg":"Added: \u001b[35mthemes/next/source/images/cc-by-nc-nd.svg\u001b[39m","time":"2016-01-18T09:56:36.662Z","v":0}
{"name":"hexo","hostname":"Yong-MacBook-Pro.local","pid":10575,"level":20,"msg":"Added: \u001b[35mthemes/next/source/images/cc-by-nc-sa.svg\u001b[39m","time":"2016-01-18T09:56:36.677Z","v":0}
{"name":"hexo","hostname":"Yong-MacBook-Pro.local","pid":10575,"level":20,"msg":"Added: \u001b[35mthemes/next/source/images/cc-by-nc.svg\u001b[39m","time":"2016-01-18T09:56:36.677Z","v":0}
{"name":"hexo","hostname":"Yong-MacBook-Pro.local","pid":10575,"level":20,"msg":"Added: \u001b[35mthemes/next/source/images/cc-by-nd.svg\u001b[39m","time":"2016-01-18T09:56:36.677Z","v":0}
{"name":"hexo","hostname":"Yong-MacBook-Pro.local","pid":10575,"level":20,"msg":"Added: \u001b[35mthemes/next/source/images/cc-by-sa.svg\u001b[39m","time":"2016-01-18T09:56:36.677Z","v":0}
{"name":"hexo","hostname":"Yong-MacBook-Pro.local","pid":10575,"level":20,"msg":"Added: \u001b[35mthemes/next/source/images/cc-by.svg\u001b[39m","time":"2016-01-18T09:56:36.678Z","v":0}
{"name":"hexo","hostname":"Yong-MacBook-Pro.local","pid":10575,"level":20,"msg":"Added: \u001b[35mthemes/next/source/images/cc-zero.svg\u001b[39m","time":"2016-01-18T09:56:36.678Z","v":0}
{"name":"hexo","hostname":"Yong-MacBook-Pro.local","pid":10575,"level":20,"msg":"Added: \u001b[35mthemes/next/source/images/loading.gif\u001b[39m","time":"2016-01-18T09:56:36.678Z","v":0}
{"name":"hexo","hostname":"Yong-MacBook-Pro.local","pid":10575,"level":20,"msg":"Added: \u001b[35mthemes/next/source/images/placeholder.gif\u001b[39m","time":"2016-01-18T09:56:36.678Z","v":0}
{"name":"hexo","hostname":"Yong-MacBook-Pro.local","pid":10575,"level":20,"msg":"Added: \u001b[35mthemes/next/source/images/quote-l.svg\u001b[39m","time":"2016-01-18T09:56:36.678Z","v":0}
{"name":"hexo","hostname":"Yong-MacBook-Pro.local","pid":10575,"level":20,"msg":"Added: \u001b[35mthemes/next/source/images/quote-r.svg\u001b[39m","time":"2016-01-18T09:56:36.678Z","v":0}
{"name":"hexo","hostname":"Yong-MacBook-Pro.local","pid":10575,"level":20,"msg":"Added: \u001b[35mthemes/next/source/images/searchicon.png\u001b[39m","time":"2016-01-18T09:56:36.678Z","v":0}
{"name":"hexo","hostname":"Yong-MacBook-Pro.local","pid":10575,"level":20,"msg":"Added: \u001b[35mthemes/next/source/js/src/affix.js\u001b[39m","time":"2016-01-18T09:56:36.678Z","v":0}
{"name":"hexo","hostname":"Yong-MacBook-Pro.local","pid":10575,"level":20,"msg":"Added: \u001b[35mthemes/next/source/js/src/bootstrap.js\u001b[39m","time":"2016-01-18T09:56:36.678Z","v":0}
{"name":"hexo","hostname":"Yong-MacBook-Pro.local","pid":10575,"level":20,"msg":"Added: \u001b[35mthemes/next/source/js/src/hook-duoshuo.js\u001b[39m","time":"2016-01-18T09:56:36.679Z","v":0}
{"name":"hexo","hostname":"Yong-MacBook-Pro.local","pid":10575,"level":20,"msg":"Added: \u001b[35mthemes/next/source/js/src/motion.js\u001b[39m","time":"2016-01-18T09:56:36.679Z","v":0}
{"name":"hexo","hostname":"Yong-MacBook-Pro.local","pid":10575,"level":20,"msg":"Added: \u001b[35mthemes/next/source/js/src/schemes/pisces.js\u001b[39m","time":"2016-01-18T09:56:36.679Z","v":0}
{"name":"hexo","hostname":"Yong-MacBook-Pro.local","pid":10575,"level":20,"msg":"Added: \u001b[35mthemes/next/source/js/src/scrollspy.js\u001b[39m","time":"2016-01-18T09:56:36.679Z","v":0}
{"name":"hexo","hostname":"Yong-MacBook-Pro.local","pid":10575,"level":20,"msg":"Added: \u001b[35mthemes/next/source/js/src/utils.js\u001b[39m","time":"2016-01-18T09:56:36.679Z","v":0}
{"name":"hexo","hostname":"Yong-MacBook-Pro.local","pid":10575,"level":20,"msg":"Added: \u001b[35mthemes/next/source/vendors/fancybox/source/blank.gif\u001b[39m","time":"2016-01-18T09:56:36.679Z","v":0}
{"name":"hexo","hostname":"Yong-MacBook-Pro.local","pid":10575,"level":20,"msg":"Added: \u001b[35mthemes/next/source/vendors/fancybox/source/fancybox_loading.gif\u001b[39m","time":"2016-01-18T09:56:36.679Z","v":0}
{"name":"hexo","hostname":"Yong-MacBook-Pro.local","pid":10575,"level":20,"msg":"Added: \u001b[35mthemes/next/source/vendors/fancybox/source/fancybox_loading@2x.gif\u001b[39m","time":"2016-01-18T09:56:36.679Z","v":0}
{"name":"hexo","hostname":"Yong-MacBook-Pro.local","pid":10575,"level":20,"msg":"Added: \u001b[35mthemes/next/source/vendors/fancybox/source/fancybox_overlay.png\u001b[39m","time":"2016-01-18T09:56:36.679Z","v":0}
{"name":"hexo","hostname":"Yong-MacBook-Pro.local","pid":10575,"level":20,"msg":"Added: \u001b[35mthemes/next/source/vendors/fancybox/source/fancybox_sprite.png\u001b[39m","time":"2016-01-18T09:56:36.679Z","v":0}
{"name":"hexo","hostname":"Yong-MacBook-Pro.local","pid":10575,"level":20,"msg":"Added: \u001b[35mthemes/next/source/vendors/fancybox/source/fancybox_sprite@2x.png\u001b[39m","time":"2016-01-18T09:56:36.679Z","v":0}
{"name":"hexo","hostname":"Yong-MacBook-Pro.local","pid":10575,"level":20,"msg":"Added: \u001b[35mthemes/next/source/vendors/fancybox/source/helpers/fancybox_buttons.png\u001b[39m","time":"2016-01-18T09:56:36.679Z","v":0}
{"name":"hexo","hostname":"Yong-MacBook-Pro.local","pid":10575,"level":20,"msg":"Added: \u001b[35mthemes/next/source/vendors/fancybox/source/helpers/jquery.fancybox-buttons.css\u001b[39m","time":"2016-01-18T09:56:36.679Z","v":0}
{"name":"hexo","hostname":"Yong-MacBook-Pro.local","pid":10575,"level":20,"msg":"Added: \u001b[35mthemes/next/source/vendors/fancybox/source/helpers/jquery.fancybox-buttons.js\u001b[39m","time":"2016-01-18T09:56:36.680Z","v":0}
{"name":"hexo","hostname":"Yong-MacBook-Pro.local","pid":10575,"level":20,"msg":"Added: \u001b[35mthemes/next/source/vendors/fancybox/source/helpers/jquery.fancybox-media.js\u001b[39m","time":"2016-01-18T09:56:36.680Z","v":0}
{"name":"hexo","hostname":"Yong-MacBook-Pro.local","pid":10575,"level":20,"msg":"Added: \u001b[35mthemes/next/source/vendors/fancybox/source/helpers/jquery.fancybox-thumbs.css\u001b[39m","time":"2016-01-18T09:56:36.680Z","v":0}
{"name":"hexo","hostname":"Yong-MacBook-Pro.local","pid":10575,"level":20,"msg":"Added: \u001b[35mthemes/next/source/vendors/fancybox/source/helpers/jquery.fancybox-thumbs.js\u001b[39m","time":"2016-01-18T09:56:36.680Z","v":0}
{"name":"hexo","hostname":"Yong-MacBook-Pro.local","pid":10575,"level":20,"msg":"Added: \u001b[35mthemes/next/source/vendors/fancybox/source/jquery.fancybox.css\u001b[39m","time":"2016-01-18T09:56:36.680Z","v":0}
{"name":"hexo","hostname":"Yong-MacBook-Pro.local","pid":10575,"level":20,"msg":"Added: \u001b[35mthemes/next/source/vendors/fancybox/source/jquery.fancybox.js\u001b[39m","time":"2016-01-18T09:56:36.680Z","v":0}
{"name":"hexo","hostname":"Yong-MacBook-Pro.local","pid":10575,"level":20,"msg":"Added: \u001b[35mthemes/next/source/vendors/fancybox/source/jquery.fancybox.pack.js\u001b[39m","time":"2016-01-18T09:56:36.680Z","v":0}
{"name":"hexo","hostname":"Yong-MacBook-Pro.local","pid":10575,"level":20,"msg":"Added: \u001b[35mthemes/next/source/vendors/fastclick/LICENSE\u001b[39m","time":"2016-01-18T09:56:36.680Z","v":0}
{"name":"hexo","hostname":"Yong-MacBook-Pro.local","pid":10575,"level":20,"msg":"Added: \u001b[35mthemes/next/source/vendors/fastclick/README.md\u001b[39m","time":"2016-01-18T09:56:36.680Z","v":0}
{"name":"hexo","hostname":"Yong-MacBook-Pro.local","pid":10575,"level":20,"msg":"Added: \u001b[35mthemes/next/source/vendors/fastclick/bower.json\u001b[39m","time":"2016-01-18T09:56:36.681Z","v":0}
{"name":"hexo","hostname":"Yong-MacBook-Pro.local","pid":10575,"level":20,"msg":"Added: \u001b[35mthemes/next/source/vendors/fastclick/lib/fastclick.js\u001b[39m","time":"2016-01-18T09:56:36.681Z","v":0}
{"name":"hexo","hostname":"Yong-MacBook-Pro.local","pid":10575,"level":20,"msg":"Added: \u001b[35mthemes/next/source/vendors/fastclick/lib/fastclick.min.js\u001b[39m","time":"2016-01-18T09:56:36.681Z","v":0}
{"name":"hexo","hostname":"Yong-MacBook-Pro.local","pid":10575,"level":20,"msg":"Added: \u001b[35mthemes/next/source/vendors/font-awesome/HELP-US-OUT.txt\u001b[39m","time":"2016-01-18T09:56:36.681Z","v":0}
{"name":"hexo","hostname":"Yong-MacBook-Pro.local","pid":10575,"level":20,"msg":"Added: \u001b[35mthemes/next/source/vendors/font-awesome/bower.json\u001b[39m","time":"2016-01-18T09:56:36.681Z","v":0}
{"name":"hexo","hostname":"Yong-MacBook-Pro.local","pid":10575,"level":20,"msg":"Added: \u001b[35mthemes/next/source/vendors/font-awesome/css/font-awesome.css.map\u001b[39m","time":"2016-01-18T09:56:36.681Z","v":0}
{"name":"hexo","hostname":"Yong-MacBook-Pro.local","pid":10575,"level":20,"msg":"Added: \u001b[35mthemes/next/source/vendors/font-awesome/css/font-awesome.css\u001b[39m","time":"2016-01-18T09:56:36.681Z","v":0}
{"name":"hexo","hostname":"Yong-MacBook-Pro.local","pid":10575,"level":20,"msg":"Added: \u001b[35mthemes/next/source/vendors/font-awesome/css/font-awesome.min.css\u001b[39m","time":"2016-01-18T09:56:36.681Z","v":0}
{"name":"hexo","hostname":"Yong-MacBook-Pro.local","pid":10575,"level":20,"msg":"Added: \u001b[35mthemes/next/source/vendors/jquery_lazyload/CONTRIBUTING.md\u001b[39m","time":"2016-01-18T09:56:36.681Z","v":0}
{"name":"hexo","hostname":"Yong-MacBook-Pro.local","pid":10575,"level":20,"msg":"Added: \u001b[35mthemes/next/source/vendors/jquery_lazyload/README.md\u001b[39m","time":"2016-01-18T09:56:36.681Z","v":0}
{"name":"hexo","hostname":"Yong-MacBook-Pro.local","pid":10575,"level":20,"msg":"Added: \u001b[35mthemes/next/source/vendors/jquery_lazyload/bower.json\u001b[39m","time":"2016-01-18T09:56:36.681Z","v":0}
{"name":"hexo","hostname":"Yong-MacBook-Pro.local","pid":10575,"level":20,"msg":"Added: \u001b[35mthemes/next/source/vendors/jquery_lazyload/jquery.lazyload.js\u001b[39m","time":"2016-01-18T09:56:36.681Z","v":0}
{"name":"hexo","hostname":"Yong-MacBook-Pro.local","pid":10575,"level":20,"msg":"Added: \u001b[35mthemes/next/source/vendors/font-awesome/fonts/fontawesome-webfont.woff2\u001b[39m","time":"2016-01-18T09:56:36.681Z","v":0}
{"name":"hexo","hostname":"Yong-MacBook-Pro.local","pid":10575,"level":20,"msg":"Added: \u001b[35mthemes/next/source/vendors/jquery_lazyload/jquery.scrollstop.js\u001b[39m","time":"2016-01-18T09:56:36.682Z","v":0}
{"name":"hexo","hostname":"Yong-MacBook-Pro.local","pid":10575,"level":20,"msg":"Added: \u001b[35mthemes/next/source/vendors/velocity/bower.json\u001b[39m","time":"2016-01-18T09:56:36.682Z","v":0}
{"name":"hexo","hostname":"Yong-MacBook-Pro.local","pid":10575,"level":20,"msg":"Added: \u001b[35mthemes/next/source/vendors/ua-parser-js/dist/ua-parser.min.js\u001b[39m","time":"2016-01-18T09:56:36.682Z","v":0}
{"name":"hexo","hostname":"Yong-MacBook-Pro.local","pid":10575,"level":20,"msg":"Added: \u001b[35mthemes/next/source/vendors/ua-parser-js/dist/ua-parser.pack.js\u001b[39m","time":"2016-01-18T09:56:36.682Z","v":0}
{"name":"hexo","hostname":"Yong-MacBook-Pro.local","pid":10575,"level":20,"msg":"Added: \u001b[35mthemes/next/source/vendors/velocity/velocity.min.js\u001b[39m","time":"2016-01-18T09:56:36.682Z","v":0}
{"name":"hexo","hostname":"Yong-MacBook-Pro.local","pid":10575,"level":20,"msg":"Added: \u001b[35mthemes/next/source/vendors/velocity/velocity.ui.js\u001b[39m","time":"2016-01-18T09:56:36.682Z","v":0}
{"name":"hexo","hostname":"Yong-MacBook-Pro.local","pid":10575,"level":20,"msg":"Added: \u001b[35mthemes/next/source/vendors/velocity/velocity.ui.min.js\u001b[39m","time":"2016-01-18T09:56:36.682Z","v":0}
{"name":"hexo","hostname":"Yong-MacBook-Pro.local","pid":10575,"level":20,"msg":"Added: \u001b[35mthemes/next/test/helpers.js\u001b[39m","time":"2016-01-18T09:56:36.682Z","v":0}
{"name":"hexo","hostname":"Yong-MacBook-Pro.local","pid":10575,"level":20,"msg":"Added: \u001b[35mthemes/next/test/intern.js\u001b[39m","time":"2016-01-18T09:56:36.683Z","v":0}
{"name":"hexo","hostname":"Yong-MacBook-Pro.local","pid":10575,"level":20,"msg":"Added: \u001b[35mthemes/next/source/vendors/font-awesome/fonts/fontawesome-webfont.eot\u001b[39m","time":"2016-01-18T09:56:36.707Z","v":0}
{"name":"hexo","hostname":"Yong-MacBook-Pro.local","pid":10575,"level":20,"msg":"Added: \u001b[35mthemes/next/source/vendors/font-awesome/fonts/FontAwesome.otf\u001b[39m","time":"2016-01-18T09:56:36.707Z","v":0}
{"name":"hexo","hostname":"Yong-MacBook-Pro.local","pid":10575,"level":20,"msg":"Added: \u001b[35mthemes/next/source/vendors/jquery/index.js\u001b[39m","time":"2016-01-18T09:56:36.707Z","v":0}
{"name":"hexo","hostname":"Yong-MacBook-Pro.local","pid":10575,"level":20,"msg":"Added: \u001b[35mthemes/next/source/vendors/font-awesome/fonts/fontawesome-webfont.woff\u001b[39m","time":"2016-01-18T09:56:36.707Z","v":0}
{"name":"hexo","hostname":"Yong-MacBook-Pro.local","pid":10575,"level":20,"msg":"Added: \u001b[35mthemes/next/source/vendors/font-awesome/fonts/fontawesome-webfont.ttf\u001b[39m","time":"2016-01-18T09:56:36.708Z","v":0}
{"name":"hexo","hostname":"Yong-MacBook-Pro.local","pid":10575,"level":20,"msg":"Added: \u001b[35mthemes/next/source/vendors/velocity/velocity.js\u001b[39m","time":"2016-01-18T09:56:36.708Z","v":0}
{"name":"hexo","hostname":"Yong-MacBook-Pro.local","pid":10575,"level":20,"msg":"Added: \u001b[35mthemes/next/source/vendors/font-awesome/fonts/fontawesome-webfont.svg\u001b[39m","time":"2016-01-18T09:56:36.709Z","v":0}
{"name":"hexo","hostname":"Yong-MacBook-Pro.local","pid":10575,"level":20,"msg":"Processed: \u001b[35msource/vendors/velocity/velocity.ui.min.js\u001b[39m","time":"2016-01-18T09:56:36.712Z","v":0}
{"name":"hexo","hostname":"Yong-MacBook-Pro.local","pid":10575,"level":20,"msg":"Processed: \u001b[35msource/vendors/velocity/velocity.ui.js\u001b[39m","time":"2016-01-18T09:56:36.712Z","v":0}
{"name":"hexo","hostname":"Yong-MacBook-Pro.local","pid":10575,"level":20,"msg":"Processed: \u001b[35msource/vendors/velocity/velocity.min.js\u001b[39m","time":"2016-01-18T09:56:36.712Z","v":0}
{"name":"hexo","hostname":"Yong-MacBook-Pro.local","pid":10575,"level":20,"msg":"Processed: \u001b[35msource/vendors/velocity/velocity.js\u001b[39m","time":"2016-01-18T09:56:36.712Z","v":0}
{"name":"hexo","hostname":"Yong-MacBook-Pro.local","pid":10575,"level":20,"msg":"Processed: \u001b[35msource/vendors/velocity/bower.json\u001b[39m","time":"2016-01-18T09:56:36.713Z","v":0}
{"name":"hexo","hostname":"Yong-MacBook-Pro.local","pid":10575,"level":20,"msg":"Processed: \u001b[35msource/vendors/ua-parser-js/dist/ua-parser.pack.js\u001b[39m","time":"2016-01-18T09:56:36.713Z","v":0}
{"name":"hexo","hostname":"Yong-MacBook-Pro.local","pid":10575,"level":20,"msg":"Processed: \u001b[35msource/vendors/ua-parser-js/dist/ua-parser.min.js\u001b[39m","time":"2016-01-18T09:56:36.713Z","v":0}
{"name":"hexo","hostname":"Yong-MacBook-Pro.local","pid":10575,"level":20,"msg":"Processed: \u001b[35msource/vendors/jquery_lazyload/jquery.scrollstop.js\u001b[39m","time":"2016-01-18T09:56:36.713Z","v":0}
{"name":"hexo","hostname":"Yong-MacBook-Pro.local","pid":10575,"level":20,"msg":"Processed: \u001b[35msource/vendors/jquery_lazyload/jquery.lazyload.js\u001b[39m","time":"2016-01-18T09:56:36.713Z","v":0}
{"name":"hexo","hostname":"Yong-MacBook-Pro.local","pid":10575,"level":20,"msg":"Processed: \u001b[35msource/vendors/jquery_lazyload/bower.json\u001b[39m","time":"2016-01-18T09:56:36.713Z","v":0}
{"name":"hexo","hostname":"Yong-MacBook-Pro.local","pid":10575,"level":20,"msg":"Processed: \u001b[35msource/vendors/jquery_lazyload/README.md\u001b[39m","time":"2016-01-18T09:56:36.714Z","v":0}
{"name":"hexo","hostname":"Yong-MacBook-Pro.local","pid":10575,"level":20,"msg":"Processed: \u001b[35msource/vendors/jquery_lazyload/CONTRIBUTING.md\u001b[39m","time":"2016-01-18T09:56:36.727Z","v":0}
{"name":"hexo","hostname":"Yong-MacBook-Pro.local","pid":10575,"level":20,"msg":"Processed: \u001b[35msource/vendors/jquery/index.js\u001b[39m","time":"2016-01-18T09:56:36.727Z","v":0}
{"name":"hexo","hostname":"Yong-MacBook-Pro.local","pid":10575,"level":20,"msg":"Processed: \u001b[35msource/vendors/font-awesome/fonts/fontawesome-webfont.woff2\u001b[39m","time":"2016-01-18T09:56:36.728Z","v":0}
{"name":"hexo","hostname":"Yong-MacBook-Pro.local","pid":10575,"level":20,"msg":"Processed: \u001b[35msource/vendors/font-awesome/fonts/fontawesome-webfont.woff\u001b[39m","time":"2016-01-18T09:56:36.728Z","v":0}
{"name":"hexo","hostname":"Yong-MacBook-Pro.local","pid":10575,"level":20,"msg":"Processed: \u001b[35msource/vendors/font-awesome/fonts/fontawesome-webfont.ttf\u001b[39m","time":"2016-01-18T09:56:36.728Z","v":0}
{"name":"hexo","hostname":"Yong-MacBook-Pro.local","pid":10575,"level":20,"msg":"Processed: \u001b[35msource/vendors/font-awesome/fonts/fontawesome-webfont.svg\u001b[39m","time":"2016-01-18T09:56:36.728Z","v":0}
{"name":"hexo","hostname":"Yong-MacBook-Pro.local","pid":10575,"level":20,"msg":"Processed: \u001b[35msource/vendors/font-awesome/fonts/fontawesome-webfont.eot\u001b[39m","time":"2016-01-18T09:56:36.729Z","v":0}
{"name":"hexo","hostname":"Yong-MacBook-Pro.local","pid":10575,"level":20,"msg":"Processed: \u001b[35msource/vendors/font-awesome/fonts/FontAwesome.otf\u001b[39m","time":"2016-01-18T09:56:36.729Z","v":0}
{"name":"hexo","hostname":"Yong-MacBook-Pro.local","pid":10575,"level":20,"msg":"Processed: \u001b[35msource/vendors/font-awesome/css/font-awesome.min.css\u001b[39m","time":"2016-01-18T09:56:36.729Z","v":0}
{"name":"hexo","hostname":"Yong-MacBook-Pro.local","pid":10575,"level":20,"msg":"Processed: \u001b[35msource/vendors/font-awesome/css/font-awesome.css.map\u001b[39m","time":"2016-01-18T09:56:36.730Z","v":0}
{"name":"hexo","hostname":"Yong-MacBook-Pro.local","pid":10575,"level":20,"msg":"Processed: \u001b[35msource/vendors/font-awesome/css/font-awesome.css\u001b[39m","time":"2016-01-18T09:56:36.730Z","v":0}
{"name":"hexo","hostname":"Yong-MacBook-Pro.local","pid":10575,"level":20,"msg":"Processed: \u001b[35msource/vendors/font-awesome/bower.json\u001b[39m","time":"2016-01-18T09:56:36.730Z","v":0}
{"name":"hexo","hostname":"Yong-MacBook-Pro.local","pid":10575,"level":20,"msg":"Processed: \u001b[35msource/vendors/font-awesome/HELP-US-OUT.txt\u001b[39m","time":"2016-01-18T09:56:36.730Z","v":0}
{"name":"hexo","hostname":"Yong-MacBook-Pro.local","pid":10575,"level":20,"msg":"Processed: \u001b[35msource/vendors/fastclick/lib/fastclick.min.js\u001b[39m","time":"2016-01-18T09:56:36.730Z","v":0}
{"name":"hexo","hostname":"Yong-MacBook-Pro.local","pid":10575,"level":20,"msg":"Processed: \u001b[35msource/vendors/fastclick/lib/fastclick.js\u001b[39m","time":"2016-01-18T09:56:36.731Z","v":0}
{"name":"hexo","hostname":"Yong-MacBook-Pro.local","pid":10575,"level":20,"msg":"Processed: \u001b[35msource/vendors/fastclick/bower.json\u001b[39m","time":"2016-01-18T09:56:36.731Z","v":0}
{"name":"hexo","hostname":"Yong-MacBook-Pro.local","pid":10575,"level":20,"msg":"Processed: \u001b[35msource/vendors/fastclick/README.md\u001b[39m","time":"2016-01-18T09:56:36.731Z","v":0}
{"name":"hexo","hostname":"Yong-MacBook-Pro.local","pid":10575,"level":20,"msg":"Processed: \u001b[35msource/vendors/fastclick/LICENSE\u001b[39m","time":"2016-01-18T09:56:36.731Z","v":0}
{"name":"hexo","hostname":"Yong-MacBook-Pro.local","pid":10575,"level":20,"msg":"Processed: \u001b[35msource/vendors/fancybox/source/jquery.fancybox.pack.js\u001b[39m","time":"2016-01-18T09:56:36.731Z","v":0}
{"name":"hexo","hostname":"Yong-MacBook-Pro.local","pid":10575,"level":20,"msg":"Processed: \u001b[35msource/vendors/fancybox/source/jquery.fancybox.js\u001b[39m","time":"2016-01-18T09:56:36.731Z","v":0}
{"name":"hexo","hostname":"Yong-MacBook-Pro.local","pid":10575,"level":20,"msg":"Processed: \u001b[35msource/vendors/fancybox/source/jquery.fancybox.css\u001b[39m","time":"2016-01-18T09:56:36.732Z","v":0}
{"name":"hexo","hostname":"Yong-MacBook-Pro.local","pid":10575,"level":20,"msg":"Processed: \u001b[35msource/vendors/fancybox/source/helpers/jquery.fancybox-thumbs.js\u001b[39m","time":"2016-01-18T09:56:36.732Z","v":0}
{"name":"hexo","hostname":"Yong-MacBook-Pro.local","pid":10575,"level":20,"msg":"Processed: \u001b[35msource/vendors/fancybox/source/helpers/jquery.fancybox-thumbs.css\u001b[39m","time":"2016-01-18T09:56:36.732Z","v":0}
{"name":"hexo","hostname":"Yong-MacBook-Pro.local","pid":10575,"level":20,"msg":"Processed: \u001b[35msource/vendors/fancybox/source/helpers/jquery.fancybox-media.js\u001b[39m","time":"2016-01-18T09:56:36.732Z","v":0}
{"name":"hexo","hostname":"Yong-MacBook-Pro.local","pid":10575,"level":20,"msg":"Processed: \u001b[35msource/vendors/fancybox/source/helpers/jquery.fancybox-buttons.js\u001b[39m","time":"2016-01-18T09:56:36.732Z","v":0}
{"name":"hexo","hostname":"Yong-MacBook-Pro.local","pid":10575,"level":20,"msg":"Processed: \u001b[35msource/vendors/fancybox/source/helpers/jquery.fancybox-buttons.css\u001b[39m","time":"2016-01-18T09:56:36.733Z","v":0}
{"name":"hexo","hostname":"Yong-MacBook-Pro.local","pid":10575,"level":20,"msg":"Processed: \u001b[35msource/vendors/fancybox/source/helpers/fancybox_buttons.png\u001b[39m","time":"2016-01-18T09:56:36.733Z","v":0}
{"name":"hexo","hostname":"Yong-MacBook-Pro.local","pid":10575,"level":20,"msg":"Processed: \u001b[35msource/vendors/fancybox/source/fancybox_sprite@2x.png\u001b[39m","time":"2016-01-18T09:56:36.733Z","v":0}
{"name":"hexo","hostname":"Yong-MacBook-Pro.local","pid":10575,"level":20,"msg":"Processed: \u001b[35msource/vendors/fancybox/source/fancybox_sprite.png\u001b[39m","time":"2016-01-18T09:56:36.733Z","v":0}
{"name":"hexo","hostname":"Yong-MacBook-Pro.local","pid":10575,"level":20,"msg":"Processed: \u001b[35msource/vendors/fancybox/source/fancybox_overlay.png\u001b[39m","time":"2016-01-18T09:56:36.733Z","v":0}
{"name":"hexo","hostname":"Yong-MacBook-Pro.local","pid":10575,"level":20,"msg":"Processed: \u001b[35msource/vendors/fancybox/source/fancybox_loading@2x.gif\u001b[39m","time":"2016-01-18T09:56:36.733Z","v":0}
{"name":"hexo","hostname":"Yong-MacBook-Pro.local","pid":10575,"level":20,"msg":"Processed: \u001b[35msource/vendors/fancybox/source/fancybox_loading.gif\u001b[39m","time":"2016-01-18T09:56:36.734Z","v":0}
{"name":"hexo","hostname":"Yong-MacBook-Pro.local","pid":10575,"level":20,"msg":"Processed: \u001b[35msource/vendors/fancybox/source/blank.gif\u001b[39m","time":"2016-01-18T09:56:36.734Z","v":0}
{"name":"hexo","hostname":"Yong-MacBook-Pro.local","pid":10575,"level":20,"msg":"Processed: \u001b[35msource/js/src/utils.js\u001b[39m","time":"2016-01-18T09:56:36.734Z","v":0}
{"name":"hexo","hostname":"Yong-MacBook-Pro.local","pid":10575,"level":20,"msg":"Processed: \u001b[35msource/js/src/scrollspy.js\u001b[39m","time":"2016-01-18T09:56:36.734Z","v":0}
{"name":"hexo","hostname":"Yong-MacBook-Pro.local","pid":10575,"level":20,"msg":"Processed: \u001b[35msource/js/src/schemes/pisces.js\u001b[39m","time":"2016-01-18T09:56:36.734Z","v":0}
{"name":"hexo","hostname":"Yong-MacBook-Pro.local","pid":10575,"level":20,"msg":"Processed: \u001b[35msource/js/src/motion.js\u001b[39m","time":"2016-01-18T09:56:36.734Z","v":0}
{"name":"hexo","hostname":"Yong-MacBook-Pro.local","pid":10575,"level":20,"msg":"Processed: \u001b[35msource/js/src/hook-duoshuo.js\u001b[39m","time":"2016-01-18T09:56:36.735Z","v":0}
{"name":"hexo","hostname":"Yong-MacBook-Pro.local","pid":10575,"level":20,"msg":"Processed: \u001b[35msource/js/src/bootstrap.js\u001b[39m","time":"2016-01-18T09:56:36.735Z","v":0}
{"name":"hexo","hostname":"Yong-MacBook-Pro.local","pid":10575,"level":20,"msg":"Processed: \u001b[35msource/js/src/affix.js\u001b[39m","time":"2016-01-18T09:56:36.735Z","v":0}
{"name":"hexo","hostname":"Yong-MacBook-Pro.local","pid":10575,"level":20,"msg":"Processed: \u001b[35msource/images/searchicon.png\u001b[39m","time":"2016-01-18T09:56:36.735Z","v":0}
{"name":"hexo","hostname":"Yong-MacBook-Pro.local","pid":10575,"level":20,"msg":"Processed: \u001b[35msource/images/quote-r.svg\u001b[39m","time":"2016-01-18T09:56:36.735Z","v":0}
{"name":"hexo","hostname":"Yong-MacBook-Pro.local","pid":10575,"level":20,"msg":"Processed: \u001b[35msource/images/quote-l.svg\u001b[39m","time":"2016-01-18T09:56:36.735Z","v":0}
{"name":"hexo","hostname":"Yong-MacBook-Pro.local","pid":10575,"level":20,"msg":"Processed: \u001b[35msource/images/placeholder.gif\u001b[39m","time":"2016-01-18T09:56:36.736Z","v":0}
{"name":"hexo","hostname":"Yong-MacBook-Pro.local","pid":10575,"level":20,"msg":"Processed: \u001b[35msource/images/loading.gif\u001b[39m","time":"2016-01-18T09:56:36.736Z","v":0}
{"name":"hexo","hostname":"Yong-MacBook-Pro.local","pid":10575,"level":20,"msg":"Processed: \u001b[35msource/images/cc-zero.svg\u001b[39m","time":"2016-01-18T09:56:36.736Z","v":0}
{"name":"hexo","hostname":"Yong-MacBook-Pro.local","pid":10575,"level":20,"msg":"Processed: \u001b[35msource/images/cc-by.svg\u001b[39m","time":"2016-01-18T09:56:36.736Z","v":0}
{"name":"hexo","hostname":"Yong-MacBook-Pro.local","pid":10575,"level":20,"msg":"Processed: \u001b[35msource/images/cc-by-sa.svg\u001b[39m","time":"2016-01-18T09:56:36.736Z","v":0}
{"name":"hexo","hostname":"Yong-MacBook-Pro.local","pid":10575,"level":20,"msg":"Processed: \u001b[35msource/images/cc-by-nd.svg\u001b[39m","time":"2016-01-18T09:56:36.736Z","v":0}
{"name":"hexo","hostname":"Yong-MacBook-Pro.local","pid":10575,"level":20,"msg":"Processed: \u001b[35msource/images/cc-by-nc.svg\u001b[39m","time":"2016-01-18T09:56:36.736Z","v":0}
{"name":"hexo","hostname":"Yong-MacBook-Pro.local","pid":10575,"level":20,"msg":"Processed: \u001b[35msource/images/cc-by-nc-sa.svg\u001b[39m","time":"2016-01-18T09:56:36.737Z","v":0}
{"name":"hexo","hostname":"Yong-MacBook-Pro.local","pid":10575,"level":20,"msg":"Processed: \u001b[35msource/images/cc-by-nc-nd.svg\u001b[39m","time":"2016-01-18T09:56:36.738Z","v":0}
{"name":"hexo","hostname":"Yong-MacBook-Pro.local","pid":10575,"level":20,"msg":"Processed: \u001b[35msource/css/main.styl\u001b[39m","time":"2016-01-18T09:56:36.738Z","v":0}
{"name":"hexo","hostname":"Yong-MacBook-Pro.local","pid":10575,"level":20,"msg":"Processed: \u001b[35mlayout/tag.swig\u001b[39m","time":"2016-01-18T09:56:36.745Z","v":0}
{"name":"hexo","hostname":"Yong-MacBook-Pro.local","pid":10575,"level":20,"msg":"Processed: \u001b[35mlayout/post.swig\u001b[39m","time":"2016-01-18T09:56:36.745Z","v":0}
{"name":"hexo","hostname":"Yong-MacBook-Pro.local","pid":10575,"level":20,"msg":"Processed: \u001b[35mlayout/page.swig\u001b[39m","time":"2016-01-18T09:56:36.747Z","v":0}
{"name":"hexo","hostname":"Yong-MacBook-Pro.local","pid":10575,"level":20,"msg":"Processed: \u001b[35mlayout/index.swig\u001b[39m","time":"2016-01-18T09:56:36.747Z","v":0}
{"name":"hexo","hostname":"Yong-MacBook-Pro.local","pid":10575,"level":20,"msg":"Processed: \u001b[35mlayout/category.swig\u001b[39m","time":"2016-01-18T09:56:36.748Z","v":0}
{"name":"hexo","hostname":"Yong-MacBook-Pro.local","pid":10575,"level":20,"msg":"Processed: \u001b[35mlayout/archive.swig\u001b[39m","time":"2016-01-18T09:56:36.748Z","v":0}
{"name":"hexo","hostname":"Yong-MacBook-Pro.local","pid":10575,"level":20,"msg":"Processed: \u001b[35mlayout/_scripts/vendors.swig\u001b[39m","time":"2016-01-18T09:56:36.748Z","v":0}
{"name":"hexo","hostname":"Yong-MacBook-Pro.local","pid":10575,"level":20,"msg":"Processed: \u001b[35mlayout/_scripts/third-party/tinysou.swig\u001b[39m","time":"2016-01-18T09:56:36.749Z","v":0}
{"name":"hexo","hostname":"Yong-MacBook-Pro.local","pid":10575,"level":20,"msg":"Processed: \u001b[35mlayout/_scripts/third-party/mathjax.swig\u001b[39m","time":"2016-01-18T09:56:36.749Z","v":0}
{"name":"hexo","hostname":"Yong-MacBook-Pro.local","pid":10575,"level":20,"msg":"Processed: \u001b[35mlayout/_scripts/third-party/lean-analytics.swig\u001b[39m","time":"2016-01-18T09:56:36.749Z","v":0}
{"name":"hexo","hostname":"Yong-MacBook-Pro.local","pid":10575,"level":20,"msg":"Processed: \u001b[35mlayout/_scripts/third-party/comments.swig\u001b[39m","time":"2016-01-18T09:56:36.750Z","v":0}
{"name":"hexo","hostname":"Yong-MacBook-Pro.local","pid":10575,"level":20,"msg":"Processed: \u001b[35mlayout/_scripts/third-party/comments/duoshuo.swig\u001b[39m","time":"2016-01-18T09:56:36.750Z","v":0}
{"name":"hexo","hostname":"Yong-MacBook-Pro.local","pid":10575,"level":20,"msg":"Processed: \u001b[35mlayout/_scripts/third-party/comments/disqus.swig\u001b[39m","time":"2016-01-18T09:56:36.750Z","v":0}
{"name":"hexo","hostname":"Yong-MacBook-Pro.local","pid":10575,"level":20,"msg":"Processed: \u001b[35mlayout/_scripts/third-party/baidushare.swig\u001b[39m","time":"2016-01-18T09:56:36.750Z","v":0}
{"name":"hexo","hostname":"Yong-MacBook-Pro.local","pid":10575,"level":20,"msg":"Processed: \u001b[35mlayout/_scripts/third-party/analytics.swig\u001b[39m","time":"2016-01-18T09:56:36.751Z","v":0}
{"name":"hexo","hostname":"Yong-MacBook-Pro.local","pid":10575,"level":20,"msg":"Processed: \u001b[35mlayout/_scripts/third-party/analytics/tencent-analytics.swig\u001b[39m","time":"2016-01-18T09:56:36.751Z","v":0}
{"name":"hexo","hostname":"Yong-MacBook-Pro.local","pid":10575,"level":20,"msg":"Processed: \u001b[35mlayout/_scripts/third-party/analytics/google-analytics.swig\u001b[39m","time":"2016-01-18T09:56:36.751Z","v":0}
{"name":"hexo","hostname":"Yong-MacBook-Pro.local","pid":10575,"level":20,"msg":"Processed: \u001b[35mlayout/_scripts/third-party/analytics/facebook-sdk.swig\u001b[39m","time":"2016-01-18T09:56:36.751Z","v":0}
{"name":"hexo","hostname":"Yong-MacBook-Pro.local","pid":10575,"level":20,"msg":"Processed: \u001b[35mlayout/_scripts/third-party/analytics/baidu-analytics.swig\u001b[39m","time":"2016-01-18T09:56:36.752Z","v":0}
{"name":"hexo","hostname":"Yong-MacBook-Pro.local","pid":10575,"level":20,"msg":"Processed: \u001b[35mlayout/_scripts/schemes/pisces.swig\u001b[39m","time":"2016-01-18T09:56:36.752Z","v":0}
{"name":"hexo","hostname":"Yong-MacBook-Pro.local","pid":10575,"level":20,"msg":"Processed: \u001b[35mlayout/_scripts/schemes/muse.swig\u001b[39m","time":"2016-01-18T09:56:36.752Z","v":0}
{"name":"hexo","hostname":"Yong-MacBook-Pro.local","pid":10575,"level":20,"msg":"Processed: \u001b[35mlayout/_scripts/schemes/mist.swig\u001b[39m","time":"2016-01-18T09:56:36.753Z","v":0}
{"name":"hexo","hostname":"Yong-MacBook-Pro.local","pid":10575,"level":20,"msg":"Processed: \u001b[35mlayout/_scripts/pages/post-details.swig\u001b[39m","time":"2016-01-18T09:56:36.753Z","v":0}
{"name":"hexo","hostname":"Yong-MacBook-Pro.local","pid":10575,"level":20,"msg":"Processed: \u001b[35mlayout/_scripts/commons.swig\u001b[39m","time":"2016-01-18T09:56:36.753Z","v":0}
{"name":"hexo","hostname":"Yong-MacBook-Pro.local","pid":10575,"level":20,"msg":"Processed: \u001b[35mlayout/_scripts/boostrap.swig\u001b[39m","time":"2016-01-18T09:56:36.754Z","v":0}
{"name":"hexo","hostname":"Yong-MacBook-Pro.local","pid":10575,"level":20,"msg":"Processed: \u001b[35mlayout/_partials/share/jiathis.swig\u001b[39m","time":"2016-01-18T09:56:36.754Z","v":0}
{"name":"hexo","hostname":"Yong-MacBook-Pro.local","pid":10575,"level":20,"msg":"Processed: \u001b[35mlayout/_partials/share/duoshuo_share.swig\u001b[39m","time":"2016-01-18T09:56:36.754Z","v":0}
{"name":"hexo","hostname":"Yong-MacBook-Pro.local","pid":10575,"level":20,"msg":"Processed: \u001b[35mlayout/_partials/search.swig\u001b[39m","time":"2016-01-18T09:56:36.755Z","v":0}
{"name":"hexo","hostname":"Yong-MacBook-Pro.local","pid":10575,"level":20,"msg":"Processed: \u001b[35mlayout/_partials/search/tinysou.swig\u001b[39m","time":"2016-01-18T09:56:36.755Z","v":0}
{"name":"hexo","hostname":"Yong-MacBook-Pro.local","pid":10575,"level":20,"msg":"Processed: \u001b[35mlayout/_partials/search/swiftype.swig\u001b[39m","time":"2016-01-18T09:56:36.755Z","v":0}
{"name":"hexo","hostname":"Yong-MacBook-Pro.local","pid":10575,"level":20,"msg":"Processed: \u001b[35mlayout/_partials/pagination.swig\u001b[39m","time":"2016-01-18T09:56:36.756Z","v":0}
{"name":"hexo","hostname":"Yong-MacBook-Pro.local","pid":10575,"level":20,"msg":"Processed: \u001b[35mlayout/_partials/header.swig\u001b[39m","time":"2016-01-18T09:56:36.756Z","v":0}
{"name":"hexo","hostname":"Yong-MacBook-Pro.local","pid":10575,"level":20,"msg":"Processed: \u001b[35mlayout/_partials/head.swig\u001b[39m","time":"2016-01-18T09:56:36.756Z","v":0}
{"name":"hexo","hostname":"Yong-MacBook-Pro.local","pid":10575,"level":20,"msg":"Processed: \u001b[35mlayout/_partials/footer.swig\u001b[39m","time":"2016-01-18T09:56:36.757Z","v":0}
{"name":"hexo","hostname":"Yong-MacBook-Pro.local","pid":10575,"level":20,"msg":"Processed: \u001b[35mlayout/_partials/duoshuo-hot-articles.swig\u001b[39m","time":"2016-01-18T09:56:36.757Z","v":0}
{"name":"hexo","hostname":"Yong-MacBook-Pro.local","pid":10575,"level":20,"msg":"Processed: \u001b[35mlayout/_partials/comments.swig\u001b[39m","time":"2016-01-18T09:56:36.757Z","v":0}
{"name":"hexo","hostname":"Yong-MacBook-Pro.local","pid":10575,"level":20,"msg":"Processed: \u001b[35mlayout/_macro/sidebar.swig\u001b[39m","time":"2016-01-18T09:56:36.757Z","v":0}
{"name":"hexo","hostname":"Yong-MacBook-Pro.local","pid":10575,"level":20,"msg":"Processed: \u001b[35mlayout/_macro/post.swig\u001b[39m","time":"2016-01-18T09:56:36.758Z","v":0}
{"name":"hexo","hostname":"Yong-MacBook-Pro.local","pid":10575,"level":20,"msg":"Processed: \u001b[35mlayout/_macro/post-collapse.swig\u001b[39m","time":"2016-01-18T09:56:36.758Z","v":0}
{"name":"hexo","hostname":"Yong-MacBook-Pro.local","pid":10575,"level":20,"msg":"Processed: \u001b[35mlayout/_layout.swig\u001b[39m","time":"2016-01-18T09:56:36.758Z","v":0}
{"name":"hexo","hostname":"Yong-MacBook-Pro.local","pid":10575,"level":20,"msg":"Processed: \u001b[35mlanguages/zh-tw.yml\u001b[39m","time":"2016-01-18T09:56:36.761Z","v":0}
{"name":"hexo","hostname":"Yong-MacBook-Pro.local","pid":10575,"level":20,"msg":"Processed: \u001b[35mlanguages/zh-hk.yml\u001b[39m","time":"2016-01-18T09:56:36.762Z","v":0}
{"name":"hexo","hostname":"Yong-MacBook-Pro.local","pid":10575,"level":20,"msg":"Processed: \u001b[35mlanguages/zh-Hans.yml\u001b[39m","time":"2016-01-18T09:56:36.764Z","v":0}
{"name":"hexo","hostname":"Yong-MacBook-Pro.local","pid":10575,"level":20,"msg":"Processed: \u001b[35mlanguages/ru.yml\u001b[39m","time":"2016-01-18T09:56:36.766Z","v":0}
{"name":"hexo","hostname":"Yong-MacBook-Pro.local","pid":10575,"level":20,"msg":"Processed: \u001b[35mlanguages/pt.yml\u001b[39m","time":"2016-01-18T09:56:36.767Z","v":0}
{"name":"hexo","hostname":"Yong-MacBook-Pro.local","pid":10575,"level":20,"msg":"Processed: \u001b[35mlanguages/fr-FR.yml\u001b[39m","time":"2016-01-18T09:56:36.768Z","v":0}
{"name":"hexo","hostname":"Yong-MacBook-Pro.local","pid":10575,"level":20,"msg":"Processed: \u001b[35mlanguages/en.yml\u001b[39m","time":"2016-01-18T09:56:36.769Z","v":0}
{"name":"hexo","hostname":"Yong-MacBook-Pro.local","pid":10575,"level":20,"msg":"Processed: \u001b[35mlanguages/default.yml\u001b[39m","time":"2016-01-18T09:56:36.770Z","v":0}
{"name":"hexo","hostname":"Yong-MacBook-Pro.local","pid":10575,"level":20,"msg":"Processed: \u001b[35mlanguages/de.yml\u001b[39m","time":"2016-01-18T09:56:36.770Z","v":0}
{"name":"hexo","hostname":"Yong-MacBook-Pro.local","pid":10575,"level":20,"msg":"Theme config loaded.","time":"2016-01-18T09:56:36.772Z","v":0}
{"name":"hexo","hostname":"Yong-MacBook-Pro.local","pid":10575,"level":20,"msg":"Processed: \u001b[35m_config.yml\u001b[39m","time":"2016-01-18T09:56:36.772Z","v":0}
{"name":"hexo","hostname":"Yong-MacBook-Pro.local","pid":10575,"level":20,"msg":"Generator: \u001b[35mpage\u001b[39m","time":"2016-01-18T09:56:36.971Z","v":0}
{"name":"hexo","hostname":"Yong-MacBook-Pro.local","pid":10575,"level":20,"msg":"Generator: \u001b[35mpost\u001b[39m","time":"2016-01-18T09:56:36.971Z","v":0}
{"name":"hexo","hostname":"Yong-MacBook-Pro.local","pid":10575,"level":20,"msg":"Generator: \u001b[35marchive\u001b[39m","time":"2016-01-18T09:56:36.971Z","v":0}
{"name":"hexo","hostname":"Yong-MacBook-Pro.local","pid":10575,"level":20,"msg":"Generator: \u001b[35mcategory\u001b[39m","time":"2016-01-18T09:56:36.971Z","v":0}
{"name":"hexo","hostname":"Yong-MacBook-Pro.local","pid":10575,"level":20,"msg":"Generator: \u001b[35mtag\u001b[39m","time":"2016-01-18T09:56:36.971Z","v":0}
{"name":"hexo","hostname":"Yong-MacBook-Pro.local","pid":10575,"level":20,"msg":"Generator: \u001b[35mindex\u001b[39m","time":"2016-01-18T09:56:36.971Z","v":0}
{"name":"hexo","hostname":"Yong-MacBook-Pro.local","pid":10575,"level":20,"msg":"Generator: \u001b[35masset\u001b[39m","time":"2016-01-18T09:56:36.973Z","v":0}
{"name":"hexo","hostname":"Yong-MacBook-Pro.local","pid":10575,"level":30,"msg":"Hexo is running at \u001b[4mhttp://0.0.0.0:4000/\u001b[24m. Press Ctrl+C to stop.","time":"2016-01-18T09:56:36.980Z","v":0}
{"name":"hexo","hostname":"Yong-MacBook-Pro.local","pid":10575,"level":20,"msg":"Database saved","time":"2016-01-18T09:56:36.995Z","v":0}
{"name":"hexo","hostname":"Yong-MacBook-Pro.local","pid":10575,"level":20,"msg":"Rendering index: \u001b[35mindex.html\u001b[39m","time":"2016-01-18T09:56:49.714Z","v":0}
{"name":"hexo","hostname":"Yong-MacBook-Pro.local","pid":10575,"level":20,"msg":"Rendering index: \u001b[35mindex.html\u001b[39m","time":"2016-01-18T09:56:50.244Z","v":0}
{"name":"hexo","hostname":"Yong-MacBook-Pro.local","pid":10575,"level":20,"msg":"Rendering index: \u001b[35mindex.html\u001b[39m","time":"2016-01-18T09:56:57.519Z","v":0}
{"name":"hexo","hostname":"Yong-MacBook-Pro.local","pid":10575,"level":20,"msg":"Rendering archive: \u001b[35marchives/index.html\u001b[39m","time":"2016-01-18T09:57:00.330Z","v":0}
{"name":"hexo","hostname":"Yong-MacBook-Pro.local","pid":10575,"level":20,"msg":"Rendering index: \u001b[35mindex.html\u001b[39m","time":"2016-01-18T09:57:08.608Z","v":0}
{"name":"hexo","hostname":"Yong-MacBook-Pro.local","pid":10575,"level":20,"msg":"Rendering index: \u001b[35mindex.html\u001b[39m","time":"2016-01-18T09:57:16.142Z","v":0}
{"name":"hexo","hostname":"Yong-MacBook-Pro.local","pid":10575,"level":30,"msg":"Farewell","time":"2016-01-18T09:58:09.303Z","v":0}
{"name":"hexo","hostname":"Yong-MacBook-Pro.local","pid":10575,"level":20,"msg":"Database saved","time":"2016-01-18T09:58:09.321Z","v":0}
