0 info it worked if it ends with ok
1 verbose cli [ '/usr/local/bin/node',
1 verbose cli   '/usr/local/bin/npm',
1 verbose cli   'install',
1 verbose cli   'hexo-theme-next@5.1.2',
1 verbose cli   '--save' ]
2 info using npm@2.15.1
3 info using node@v4.4.4
4 verbose install initial load of /Users/Jerry/Desktop/hexoDemo/hexogithub/package.json
5 verbose installManyTop reading scoped package data from /Users/Jerry/Desktop/hexoDemo/hexogithub/node_modules/JSONStream/package.json
6 verbose installManyTop reading scoped package data from /Users/Jerry/Desktop/hexoDemo/hexogithub/node_modules/abab/package.json
7 verbose installManyTop reading scoped package data from /Users/Jerry/Desktop/hexoDemo/hexogithub/node_modules/abbrev/package.json
8 verbose installManyTop reading scoped package data from /Users/Jerry/Desktop/hexoDemo/hexogithub/node_modules/accepts/package.json
9 verbose installManyTop reading scoped package data from /Users/Jerry/Desktop/hexoDemo/hexogithub/node_modules/acorn/package.json
10 verbose installManyTop reading scoped package data from /Users/Jerry/Desktop/hexoDemo/hexogithub/node_modules/acorn-globals/package.json
11 verbose installManyTop reading scoped package data from /Users/Jerry/Desktop/hexoDemo/hexogithub/node_modules/amdefine/package.json
12 verbose installManyTop reading scoped package data from /Users/Jerry/Desktop/hexoDemo/hexogithub/node_modules/ansi-regex/package.json
13 verbose installManyTop reading scoped package data from /Users/Jerry/Desktop/hexoDemo/hexogithub/node_modules/ansi-styles/package.json
14 verbose installManyTop reading scoped package data from /Users/Jerry/Desktop/hexoDemo/hexogithub/node_modules/anymatch/package.json
15 verbose installManyTop reading scoped package data from /Users/Jerry/Desktop/hexoDemo/hexogithub/node_modules/archy/package.json
16 verbose installManyTop reading scoped package data from /Users/Jerry/Desktop/hexoDemo/hexogithub/node_modules/argparse/package.json
17 verbose installManyTop reading scoped package data from /Users/Jerry/Desktop/hexoDemo/hexogithub/node_modules/arr-diff/package.json
18 verbose installManyTop reading scoped package data from /Users/Jerry/Desktop/hexoDemo/hexogithub/node_modules/arr-flatten/package.json
19 verbose installManyTop reading scoped package data from /Users/Jerry/Desktop/hexoDemo/hexogithub/node_modules/array-unique/package.json
20 verbose installManyTop reading scoped package data from /Users/Jerry/Desktop/hexoDemo/hexogithub/node_modules/arrify/package.json
21 verbose installManyTop reading scoped package data from /Users/Jerry/Desktop/hexoDemo/hexogithub/node_modules/asap/package.json
22 verbose installManyTop reading scoped package data from /Users/Jerry/Desktop/hexoDemo/hexogithub/node_modules/asn1/package.json
23 verbose installManyTop reading scoped package data from /Users/Jerry/Desktop/hexoDemo/hexogithub/node_modules/assert-plus/package.json
24 verbose installManyTop reading scoped package data from /Users/Jerry/Desktop/hexoDemo/hexogithub/node_modules/async/package.json
25 verbose installManyTop reading scoped package data from /Users/Jerry/Desktop/hexoDemo/hexogithub/node_modules/async-each/package.json
26 verbose installManyTop reading scoped package data from /Users/Jerry/Desktop/hexoDemo/hexogithub/node_modules/asynckit/package.json
27 verbose installManyTop reading scoped package data from /Users/Jerry/Desktop/hexoDemo/hexogithub/node_modules/aws-sign2/package.json
28 verbose installManyTop reading scoped package data from /Users/Jerry/Desktop/hexoDemo/hexogithub/node_modules/aws4/package.json
29 verbose installManyTop reading scoped package data from /Users/Jerry/Desktop/hexoDemo/hexogithub/node_modules/balanced-match/package.json
30 verbose installManyTop reading scoped package data from /Users/Jerry/Desktop/hexoDemo/hexogithub/node_modules/basic-auth/package.json
31 verbose installManyTop reading scoped package data from /Users/Jerry/Desktop/hexoDemo/hexogithub/node_modules/bcrypt-pbkdf/package.json
32 verbose installManyTop reading scoped package data from /Users/Jerry/Desktop/hexoDemo/hexogithub/node_modules/binary-extensions/package.json
33 verbose installManyTop reading scoped package data from /Users/Jerry/Desktop/hexoDemo/hexogithub/node_modules/bluebird/package.json
34 verbose installManyTop reading scoped package data from /Users/Jerry/Desktop/hexoDemo/hexogithub/node_modules/boolbase/package.json
35 verbose installManyTop reading scoped package data from /Users/Jerry/Desktop/hexoDemo/hexogithub/node_modules/boom/package.json
36 verbose installManyTop reading scoped package data from /Users/Jerry/Desktop/hexoDemo/hexogithub/node_modules/brace-expansion/package.json
37 verbose installManyTop reading scoped package data from /Users/Jerry/Desktop/hexoDemo/hexogithub/node_modules/braces/package.json
38 verbose installManyTop reading scoped package data from /Users/Jerry/Desktop/hexoDemo/hexogithub/node_modules/browser-fingerprint/package.json
39 verbose installManyTop reading scoped package data from /Users/Jerry/Desktop/hexoDemo/hexogithub/node_modules/bunyan/package.json
40 verbose installManyTop reading scoped package data from /Users/Jerry/Desktop/hexoDemo/hexogithub/node_modules/bytes/package.json
41 verbose installManyTop reading scoped package data from /Users/Jerry/Desktop/hexoDemo/hexogithub/node_modules/camel-case/package.json
42 verbose installManyTop reading scoped package data from /Users/Jerry/Desktop/hexoDemo/hexogithub/node_modules/camelcase/package.json
43 verbose installManyTop reading scoped package data from /Users/Jerry/Desktop/hexoDemo/hexogithub/node_modules/caseless/package.json
44 verbose installManyTop reading scoped package data from /Users/Jerry/Desktop/hexoDemo/hexogithub/node_modules/chalk/package.json
45 verbose installManyTop reading scoped package data from /Users/Jerry/Desktop/hexoDemo/hexogithub/node_modules/cheerio/package.json
46 verbose installManyTop reading scoped package data from /Users/Jerry/Desktop/hexoDemo/hexogithub/node_modules/chokidar/package.json
47 verbose installManyTop reading scoped package data from /Users/Jerry/Desktop/hexoDemo/hexogithub/node_modules/cliui/package.json
48 verbose installManyTop reading scoped package data from /Users/Jerry/Desktop/hexoDemo/hexogithub/node_modules/code-point-at/package.json
49 verbose installManyTop reading scoped package data from /Users/Jerry/Desktop/hexoDemo/hexogithub/node_modules/color-convert/package.json
50 verbose installManyTop reading scoped package data from /Users/Jerry/Desktop/hexoDemo/hexogithub/node_modules/combined-stream/package.json
51 verbose installManyTop reading scoped package data from /Users/Jerry/Desktop/hexoDemo/hexogithub/node_modules/commander/package.json
52 verbose installManyTop reading scoped package data from /Users/Jerry/Desktop/hexoDemo/hexogithub/node_modules/compressible/package.json
53 verbose installManyTop reading scoped package data from /Users/Jerry/Desktop/hexoDemo/hexogithub/node_modules/compression/package.json
54 verbose installManyTop reading scoped package data from /Users/Jerry/Desktop/hexoDemo/hexogithub/node_modules/concat-map/package.json
55 verbose installManyTop reading scoped package data from /Users/Jerry/Desktop/hexoDemo/hexogithub/node_modules/connect/package.json
56 verbose installManyTop reading scoped package data from /Users/Jerry/Desktop/hexoDemo/hexogithub/node_modules/core-js/package.json
57 verbose installManyTop reading scoped package data from /Users/Jerry/Desktop/hexoDemo/hexogithub/node_modules/core-util-is/package.json
58 verbose installManyTop reading scoped package data from /Users/Jerry/Desktop/hexoDemo/hexogithub/node_modules/cross-spawn/package.json
59 verbose installManyTop reading scoped package data from /Users/Jerry/Desktop/hexoDemo/hexogithub/node_modules/cryptiles/package.json
60 verbose installManyTop reading scoped package data from /Users/Jerry/Desktop/hexoDemo/hexogithub/node_modules/css-parse/package.json
61 verbose installManyTop reading scoped package data from /Users/Jerry/Desktop/hexoDemo/hexogithub/node_modules/css-select/package.json
62 verbose installManyTop reading scoped package data from /Users/Jerry/Desktop/hexoDemo/hexogithub/node_modules/css-what/package.json
63 verbose installManyTop reading scoped package data from /Users/Jerry/Desktop/hexoDemo/hexogithub/node_modules/cssom/package.json
64 verbose installManyTop reading scoped package data from /Users/Jerry/Desktop/hexoDemo/hexogithub/node_modules/cssstyle/package.json
65 verbose installManyTop reading scoped package data from /Users/Jerry/Desktop/hexoDemo/hexogithub/node_modules/cuid/package.json
66 verbose installManyTop reading scoped package data from /Users/Jerry/Desktop/hexoDemo/hexogithub/node_modules/dashdash/package.json
67 verbose installManyTop reading scoped package data from /Users/Jerry/Desktop/hexoDemo/hexogithub/node_modules/debug/package.json
68 verbose installManyTop reading scoped package data from /Users/Jerry/Desktop/hexoDemo/hexogithub/node_modules/decamelize/package.json
69 verbose installManyTop reading scoped package data from /Users/Jerry/Desktop/hexoDemo/hexogithub/node_modules/deep-is/package.json
70 verbose installManyTop reading scoped package data from /Users/Jerry/Desktop/hexoDemo/hexogithub/node_modules/delayed-stream/package.json
71 verbose installManyTop reading scoped package data from /Users/Jerry/Desktop/hexoDemo/hexogithub/node_modules/depd/package.json
72 verbose installManyTop reading scoped package data from /Users/Jerry/Desktop/hexoDemo/hexogithub/node_modules/destroy/package.json
73 verbose installManyTop reading scoped package data from /Users/Jerry/Desktop/hexoDemo/hexogithub/node_modules/dom-serializer/package.json
74 verbose installManyTop reading scoped package data from /Users/Jerry/Desktop/hexoDemo/hexogithub/node_modules/domelementtype/package.json
75 verbose installManyTop reading scoped package data from /Users/Jerry/Desktop/hexoDemo/hexogithub/node_modules/domhandler/package.json
76 verbose installManyTop reading scoped package data from /Users/Jerry/Desktop/hexoDemo/hexogithub/node_modules/domutils/package.json
77 verbose installManyTop reading scoped package data from /Users/Jerry/Desktop/hexoDemo/hexogithub/node_modules/dtrace-provider/package.json
78 verbose installManyTop reading scoped package data from /Users/Jerry/Desktop/hexoDemo/hexogithub/node_modules/ecc-jsbn/package.json
79 verbose installManyTop reading scoped package data from /Users/Jerry/Desktop/hexoDemo/hexogithub/node_modules/ee-first/package.json
80 verbose installManyTop reading scoped package data from /Users/Jerry/Desktop/hexoDemo/hexogithub/node_modules/ejs/package.json
81 verbose installManyTop reading scoped package data from /Users/Jerry/Desktop/hexoDemo/hexogithub/node_modules/ent/package.json
82 verbose installManyTop reading scoped package data from /Users/Jerry/Desktop/hexoDemo/hexogithub/node_modules/entities/package.json
83 verbose installManyTop reading scoped package data from /Users/Jerry/Desktop/hexoDemo/hexogithub/node_modules/escape-html/package.json
84 verbose installManyTop reading scoped package data from /Users/Jerry/Desktop/hexoDemo/hexogithub/node_modules/escape-string-regexp/package.json
85 verbose installManyTop reading scoped package data from /Users/Jerry/Desktop/hexoDemo/hexogithub/node_modules/escodegen/package.json
86 verbose installManyTop reading scoped package data from /Users/Jerry/Desktop/hexoDemo/hexogithub/node_modules/esprima/package.json
87 verbose installManyTop reading scoped package data from /Users/Jerry/Desktop/hexoDemo/hexogithub/node_modules/estraverse/package.json
88 verbose installManyTop reading scoped package data from /Users/Jerry/Desktop/hexoDemo/hexogithub/node_modules/esutils/package.json
89 verbose installManyTop reading scoped package data from /Users/Jerry/Desktop/hexoDemo/hexogithub/node_modules/etag/package.json
90 verbose installManyTop reading scoped package data from /Users/Jerry/Desktop/hexoDemo/hexogithub/node_modules/expand-brackets/package.json
91 verbose installManyTop reading scoped package data from /Users/Jerry/Desktop/hexoDemo/hexogithub/node_modules/expand-range/package.json
92 verbose installManyTop reading scoped package data from /Users/Jerry/Desktop/hexoDemo/hexogithub/node_modules/extend/package.json
93 verbose installManyTop reading scoped package data from /Users/Jerry/Desktop/hexoDemo/hexogithub/node_modules/extglob/package.json
94 verbose installManyTop reading scoped package data from /Users/Jerry/Desktop/hexoDemo/hexogithub/node_modules/extsprintf/package.json
95 verbose installManyTop reading scoped package data from /Users/Jerry/Desktop/hexoDemo/hexogithub/node_modules/fast-levenshtein/package.json
96 verbose installManyTop reading scoped package data from /Users/Jerry/Desktop/hexoDemo/hexogithub/node_modules/filename-regex/package.json
97 verbose installManyTop reading scoped package data from /Users/Jerry/Desktop/hexoDemo/hexogithub/node_modules/fill-range/package.json
98 verbose installManyTop reading scoped package data from /Users/Jerry/Desktop/hexoDemo/hexogithub/node_modules/finalhandler/package.json
99 verbose installManyTop reading scoped package data from /Users/Jerry/Desktop/hexoDemo/hexogithub/node_modules/for-in/package.json
100 verbose installManyTop reading scoped package data from /Users/Jerry/Desktop/hexoDemo/hexogithub/node_modules/for-own/package.json
101 verbose installManyTop reading scoped package data from /Users/Jerry/Desktop/hexoDemo/hexogithub/node_modules/forever-agent/package.json
102 verbose installManyTop reading scoped package data from /Users/Jerry/Desktop/hexoDemo/hexogithub/node_modules/form-data/package.json
103 verbose installManyTop reading scoped package data from /Users/Jerry/Desktop/hexoDemo/hexogithub/node_modules/fresh/package.json
104 verbose installManyTop reading scoped package data from /Users/Jerry/Desktop/hexoDemo/hexogithub/node_modules/fsevents/package.json
105 verbose installManyTop reading scoped package data from /Users/Jerry/Desktop/hexoDemo/hexogithub/node_modules/generate-function/package.json
106 verbose installManyTop reading scoped package data from /Users/Jerry/Desktop/hexoDemo/hexogithub/node_modules/generate-object-property/package.json
107 verbose installManyTop reading scoped package data from /Users/Jerry/Desktop/hexoDemo/hexogithub/node_modules/get-stdin/package.json
108 verbose installManyTop reading scoped package data from /Users/Jerry/Desktop/hexoDemo/hexogithub/node_modules/getpass/package.json
109 verbose installManyTop reading scoped package data from /Users/Jerry/Desktop/hexoDemo/hexogithub/node_modules/glob/package.json
110 verbose installManyTop reading scoped package data from /Users/Jerry/Desktop/hexoDemo/hexogithub/node_modules/glob-base/package.json
111 verbose installManyTop reading scoped package data from /Users/Jerry/Desktop/hexoDemo/hexogithub/node_modules/glob-parent/package.json
112 verbose installManyTop reading scoped package data from /Users/Jerry/Desktop/hexoDemo/hexogithub/node_modules/graceful-fs/package.json
113 verbose installManyTop reading scoped package data from /Users/Jerry/Desktop/hexoDemo/hexogithub/node_modules/graceful-readlink/package.json
114 verbose installManyTop reading scoped package data from /Users/Jerry/Desktop/hexoDemo/hexogithub/node_modules/gulp/package.json
115 verbose installManyTop reading scoped package data from /Users/Jerry/Desktop/hexoDemo/hexogithub/node_modules/gulp-htmlclean/package.json
116 verbose installManyTop reading scoped package data from /Users/Jerry/Desktop/hexoDemo/hexogithub/node_modules/gulp-htmlmin/package.json
117 verbose installManyTop reading scoped package data from /Users/Jerry/Desktop/hexoDemo/hexogithub/node_modules/gulp-imagemin/package.json
118 verbose installManyTop reading scoped package data from /Users/Jerry/Desktop/hexoDemo/hexogithub/node_modules/gulp-minify-css/package.json
119 verbose installManyTop reading scoped package data from /Users/Jerry/Desktop/hexoDemo/hexogithub/node_modules/gulp-uglify/package.json
120 verbose installManyTop reading scoped package data from /Users/Jerry/Desktop/hexoDemo/hexogithub/node_modules/har-validator/package.json
121 verbose installManyTop reading scoped package data from /Users/Jerry/Desktop/hexoDemo/hexogithub/node_modules/has-ansi/package.json
122 verbose installManyTop reading scoped package data from /Users/Jerry/Desktop/hexoDemo/hexogithub/node_modules/hawk/package.json
123 verbose installManyTop reading scoped package data from /Users/Jerry/Desktop/hexoDemo/hexogithub/node_modules/hexo/package.json
124 verbose installManyTop reading scoped package data from /Users/Jerry/Desktop/hexoDemo/hexogithub/node_modules/hexo-cli/package.json
125 verbose installManyTop reading scoped package data from /Users/Jerry/Desktop/hexoDemo/hexogithub/node_modules/hexo-deployer-git/package.json
126 verbose installManyTop reading scoped package data from /Users/Jerry/Desktop/hexoDemo/hexogithub/node_modules/hexo-front-matter/package.json
127 verbose installManyTop reading scoped package data from /Users/Jerry/Desktop/hexoDemo/hexogithub/node_modules/hexo-fs/package.json
128 verbose installManyTop reading scoped package data from /Users/Jerry/Desktop/hexoDemo/hexogithub/node_modules/hexo-generator-archive/package.json
129 verbose installManyTop reading scoped package data from /Users/Jerry/Desktop/hexoDemo/hexogithub/node_modules/hexo-generator-baidu-sitemap/package.json
130 verbose installManyTop reading scoped package data from /Users/Jerry/Desktop/hexoDemo/hexogithub/node_modules/hexo-generator-category/package.json
131 verbose installManyTop reading scoped package data from /Users/Jerry/Desktop/hexoDemo/hexogithub/node_modules/hexo-generator-feed/package.json
132 verbose installManyTop reading scoped package data from /Users/Jerry/Desktop/hexoDemo/hexogithub/node_modules/hexo-generator-index/package.json
133 verbose installManyTop reading scoped package data from /Users/Jerry/Desktop/hexoDemo/hexogithub/node_modules/hexo-generator-sitemap/package.json
134 verbose installManyTop reading scoped package data from /Users/Jerry/Desktop/hexoDemo/hexogithub/node_modules/hexo-generator-tag/package.json
135 verbose installManyTop reading scoped package data from /Users/Jerry/Desktop/hexoDemo/hexogithub/node_modules/hexo-i18n/package.json
136 verbose installManyTop reading scoped package data from /Users/Jerry/Desktop/hexoDemo/hexogithub/node_modules/hexo-log/package.json
137 verbose installManyTop reading scoped package data from /Users/Jerry/Desktop/hexoDemo/hexogithub/node_modules/hexo-pagination/package.json
138 verbose installManyTop reading scoped package data from /Users/Jerry/Desktop/hexoDemo/hexogithub/node_modules/hexo-renderer-ejs/package.json
139 verbose installManyTop reading scoped package data from /Users/Jerry/Desktop/hexoDemo/hexogithub/node_modules/hexo-renderer-marked/package.json
140 verbose installManyTop reading scoped package data from /Users/Jerry/Desktop/hexoDemo/hexogithub/node_modules/hexo-renderer-stylus/package.json
141 verbose installManyTop reading scoped package data from /Users/Jerry/Desktop/hexoDemo/hexogithub/node_modules/hexo-server/package.json
142 verbose installManyTop reading scoped package data from /Users/Jerry/Desktop/hexoDemo/hexogithub/node_modules/hexo-util/package.json
143 verbose installManyTop reading scoped package data from /Users/Jerry/Desktop/hexoDemo/hexogithub/node_modules/highlight.js/package.json
144 verbose installManyTop reading scoped package data from /Users/Jerry/Desktop/hexoDemo/hexogithub/node_modules/hoek/package.json
145 verbose installManyTop reading scoped package data from /Users/Jerry/Desktop/hexoDemo/hexogithub/node_modules/html-entities/package.json
146 verbose installManyTop reading scoped package data from /Users/Jerry/Desktop/hexoDemo/hexogithub/node_modules/htmlparser2/package.json
147 verbose installManyTop reading scoped package data from /Users/Jerry/Desktop/hexoDemo/hexogithub/node_modules/http-errors/package.json
148 verbose installManyTop reading scoped package data from /Users/Jerry/Desktop/hexoDemo/hexogithub/node_modules/http-signature/package.json
149 verbose installManyTop reading scoped package data from /Users/Jerry/Desktop/hexoDemo/hexogithub/node_modules/inflight/package.json
150 verbose installManyTop reading scoped package data from /Users/Jerry/Desktop/hexoDemo/hexogithub/node_modules/inherits/package.json
151 verbose installManyTop reading scoped package data from /Users/Jerry/Desktop/hexoDemo/hexogithub/node_modules/invert-kv/package.json
152 verbose installManyTop reading scoped package data from /Users/Jerry/Desktop/hexoDemo/hexogithub/node_modules/is-binary-path/package.json
153 verbose installManyTop reading scoped package data from /Users/Jerry/Desktop/hexoDemo/hexogithub/node_modules/is-buffer/package.json
154 verbose installManyTop reading scoped package data from /Users/Jerry/Desktop/hexoDemo/hexogithub/node_modules/is-dotfile/package.json
155 verbose installManyTop reading scoped package data from /Users/Jerry/Desktop/hexoDemo/hexogithub/node_modules/is-equal-shallow/package.json
156 verbose installManyTop reading scoped package data from /Users/Jerry/Desktop/hexoDemo/hexogithub/node_modules/is-extendable/package.json
157 verbose installManyTop reading scoped package data from /Users/Jerry/Desktop/hexoDemo/hexogithub/node_modules/is-extglob/package.json
158 verbose installManyTop reading scoped package data from /Users/Jerry/Desktop/hexoDemo/hexogithub/node_modules/is-fullwidth-code-point/package.json
159 verbose installManyTop reading scoped package data from /Users/Jerry/Desktop/hexoDemo/hexogithub/node_modules/is-glob/package.json
160 verbose installManyTop reading scoped package data from /Users/Jerry/Desktop/hexoDemo/hexogithub/node_modules/is-my-json-valid/package.json
161 verbose installManyTop reading scoped package data from /Users/Jerry/Desktop/hexoDemo/hexogithub/node_modules/is-number/package.json
162 verbose installManyTop reading scoped package data from /Users/Jerry/Desktop/hexoDemo/hexogithub/node_modules/is-plain-object/package.json
163 verbose installManyTop reading scoped package data from /Users/Jerry/Desktop/hexoDemo/hexogithub/node_modules/is-primitive/package.json
164 verbose installManyTop reading scoped package data from /Users/Jerry/Desktop/hexoDemo/hexogithub/node_modules/is-property/package.json
165 verbose installManyTop reading scoped package data from /Users/Jerry/Desktop/hexoDemo/hexogithub/node_modules/is-typedarray/package.json
166 verbose installManyTop reading scoped package data from /Users/Jerry/Desktop/hexoDemo/hexogithub/node_modules/isarray/package.json
167 verbose installManyTop reading scoped package data from /Users/Jerry/Desktop/hexoDemo/hexogithub/node_modules/isexe/package.json
168 verbose installManyTop reading scoped package data from /Users/Jerry/Desktop/hexoDemo/hexogithub/node_modules/isobject/package.json
169 verbose installManyTop reading scoped package data from /Users/Jerry/Desktop/hexoDemo/hexogithub/node_modules/isstream/package.json
170 verbose installManyTop reading scoped package data from /Users/Jerry/Desktop/hexoDemo/hexogithub/node_modules/jodid25519/package.json
171 verbose installManyTop reading scoped package data from /Users/Jerry/Desktop/hexoDemo/hexogithub/node_modules/js-yaml/package.json
172 verbose installManyTop reading scoped package data from /Users/Jerry/Desktop/hexoDemo/hexogithub/node_modules/jsbn/package.json
173 verbose installManyTop reading scoped package data from /Users/Jerry/Desktop/hexoDemo/hexogithub/node_modules/jsdom/package.json
174 verbose installManyTop reading scoped package data from /Users/Jerry/Desktop/hexoDemo/hexogithub/node_modules/json-schema/package.json
175 verbose installManyTop reading scoped package data from /Users/Jerry/Desktop/hexoDemo/hexogithub/node_modules/json-stringify-safe/package.json
176 verbose installManyTop reading scoped package data from /Users/Jerry/Desktop/hexoDemo/hexogithub/node_modules/jsonparse/package.json
177 verbose installManyTop reading scoped package data from /Users/Jerry/Desktop/hexoDemo/hexogithub/node_modules/jsonpointer/package.json
178 verbose installManyTop reading scoped package data from /Users/Jerry/Desktop/hexoDemo/hexogithub/node_modules/jsprim/package.json
179 verbose installManyTop reading scoped package data from /Users/Jerry/Desktop/hexoDemo/hexogithub/node_modules/kind-of/package.json
180 verbose installManyTop reading scoped package data from /Users/Jerry/Desktop/hexoDemo/hexogithub/node_modules/lcid/package.json
181 verbose installManyTop reading scoped package data from /Users/Jerry/Desktop/hexoDemo/hexogithub/node_modules/levn/package.json
182 verbose installManyTop reading scoped package data from /Users/Jerry/Desktop/hexoDemo/hexogithub/node_modules/lodash/package.json
183 verbose installManyTop reading scoped package data from /Users/Jerry/Desktop/hexoDemo/hexogithub/node_modules/lower-case/package.json
184 verbose installManyTop reading scoped package data from /Users/Jerry/Desktop/hexoDemo/hexogithub/node_modules/lru-cache/package.json
185 verbose installManyTop reading scoped package data from /Users/Jerry/Desktop/hexoDemo/hexogithub/node_modules/markdown/package.json
186 verbose installManyTop reading scoped package data from /Users/Jerry/Desktop/hexoDemo/hexogithub/node_modules/marked/package.json
187 verbose installManyTop reading scoped package data from /Users/Jerry/Desktop/hexoDemo/hexogithub/node_modules/micromatch/package.json
188 verbose installManyTop reading scoped package data from /Users/Jerry/Desktop/hexoDemo/hexogithub/node_modules/mime/package.json
189 verbose installManyTop reading scoped package data from /Users/Jerry/Desktop/hexoDemo/hexogithub/node_modules/mime-db/package.json
190 verbose installManyTop reading scoped package data from /Users/Jerry/Desktop/hexoDemo/hexogithub/node_modules/mime-types/package.json
191 verbose installManyTop reading scoped package data from /Users/Jerry/Desktop/hexoDemo/hexogithub/node_modules/minimatch/package.json
192 verbose installManyTop reading scoped package data from /Users/Jerry/Desktop/hexoDemo/hexogithub/node_modules/minimist/package.json
193 verbose installManyTop reading scoped package data from /Users/Jerry/Desktop/hexoDemo/hexogithub/node_modules/mkdirp/package.json
194 verbose installManyTop reading scoped package data from /Users/Jerry/Desktop/hexoDemo/hexogithub/node_modules/moment/package.json
195 verbose installManyTop reading scoped package data from /Users/Jerry/Desktop/hexoDemo/hexogithub/node_modules/moment-timezone/package.json
196 verbose installManyTop reading scoped package data from /Users/Jerry/Desktop/hexoDemo/hexogithub/node_modules/morgan/package.json
197 verbose installManyTop reading scoped package data from /Users/Jerry/Desktop/hexoDemo/hexogithub/node_modules/ms/package.json
198 verbose installManyTop reading scoped package data from /Users/Jerry/Desktop/hexoDemo/hexogithub/node_modules/mv/package.json
199 verbose installManyTop reading scoped package data from /Users/Jerry/Desktop/hexoDemo/hexogithub/node_modules/n/package.json
200 verbose installManyTop reading scoped package data from /Users/Jerry/Desktop/hexoDemo/hexogithub/node_modules/nan/package.json
201 verbose installManyTop reading scoped package data from /Users/Jerry/Desktop/hexoDemo/hexogithub/node_modules/ncp/package.json
202 verbose installManyTop reading scoped package data from /Users/Jerry/Desktop/hexoDemo/hexogithub/node_modules/negotiator/package.json
203 verbose installManyTop reading scoped package data from /Users/Jerry/Desktop/hexoDemo/hexogithub/node_modules/nib/package.json
204 verbose installManyTop reading scoped package data from /Users/Jerry/Desktop/hexoDemo/hexogithub/node_modules/no-case/package.json
205 verbose installManyTop reading scoped package data from /Users/Jerry/Desktop/hexoDemo/hexogithub/node_modules/node/package.json
206 verbose installManyTop reading scoped package data from /Users/Jerry/Desktop/hexoDemo/hexogithub/node_modules/node-fingerprint/package.json
207 verbose installManyTop reading scoped package data from /Users/Jerry/Desktop/hexoDemo/hexogithub/node_modules/nopt/package.json
208 verbose installManyTop reading scoped package data from /Users/Jerry/Desktop/hexoDemo/hexogithub/node_modules/normalize-path/package.json
209 verbose installManyTop reading scoped package data from /Users/Jerry/Desktop/hexoDemo/hexogithub/node_modules/nth-check/package.json
210 verbose installManyTop reading scoped package data from /Users/Jerry/Desktop/hexoDemo/hexogithub/node_modules/number-is-nan/package.json
211 verbose installManyTop reading scoped package data from /Users/Jerry/Desktop/hexoDemo/hexogithub/node_modules/nunjucks/package.json
212 verbose installManyTop reading scoped package data from /Users/Jerry/Desktop/hexoDemo/hexogithub/node_modules/nwmatcher/package.json
213 verbose installManyTop reading scoped package data from /Users/Jerry/Desktop/hexoDemo/hexogithub/node_modules/oauth-sign/package.json
214 verbose installManyTop reading scoped package data from /Users/Jerry/Desktop/hexoDemo/hexogithub/node_modules/object-assign/package.json
215 verbose installManyTop reading scoped package data from /Users/Jerry/Desktop/hexoDemo/hexogithub/node_modules/object.omit/package.json
216 verbose installManyTop reading scoped package data from /Users/Jerry/Desktop/hexoDemo/hexogithub/node_modules/on-finished/package.json
217 verbose installManyTop reading scoped package data from /Users/Jerry/Desktop/hexoDemo/hexogithub/node_modules/on-headers/package.json
218 verbose installManyTop reading scoped package data from /Users/Jerry/Desktop/hexoDemo/hexogithub/node_modules/once/package.json
219 verbose installManyTop reading scoped package data from /Users/Jerry/Desktop/hexoDemo/hexogithub/node_modules/opn/package.json
220 verbose installManyTop reading scoped package data from /Users/Jerry/Desktop/hexoDemo/hexogithub/node_modules/optimist/package.json
221 verbose installManyTop reading scoped package data from /Users/Jerry/Desktop/hexoDemo/hexogithub/node_modules/optionator/package.json
222 verbose installManyTop reading scoped package data from /Users/Jerry/Desktop/hexoDemo/hexogithub/node_modules/os-homedir/package.json
223 verbose installManyTop reading scoped package data from /Users/Jerry/Desktop/hexoDemo/hexogithub/node_modules/os-locale/package.json
224 verbose installManyTop reading scoped package data from /Users/Jerry/Desktop/hexoDemo/hexogithub/node_modules/parse-glob/package.json
225 verbose installManyTop reading scoped package data from /Users/Jerry/Desktop/hexoDemo/hexogithub/node_modules/parse5/package.json
226 verbose installManyTop reading scoped package data from /Users/Jerry/Desktop/hexoDemo/hexogithub/node_modules/parseurl/package.json
227 verbose installManyTop reading scoped package data from /Users/Jerry/Desktop/hexoDemo/hexogithub/node_modules/path-is-absolute/package.json
228 verbose installManyTop reading scoped package data from /Users/Jerry/Desktop/hexoDemo/hexogithub/node_modules/pinkie/package.json
229 verbose installManyTop reading scoped package data from /Users/Jerry/Desktop/hexoDemo/hexogithub/node_modules/pinkie-promise/package.json
230 verbose installManyTop reading scoped package data from /Users/Jerry/Desktop/hexoDemo/hexogithub/node_modules/prelude-ls/package.json
231 verbose installManyTop reading scoped package data from /Users/Jerry/Desktop/hexoDemo/hexogithub/node_modules/preserve/package.json
232 verbose installManyTop reading scoped package data from /Users/Jerry/Desktop/hexoDemo/hexogithub/node_modules/pretty-hrtime/package.json
233 verbose installManyTop reading scoped package data from /Users/Jerry/Desktop/hexoDemo/hexogithub/node_modules/process-nextick-args/package.json
234 verbose installManyTop reading scoped package data from /Users/Jerry/Desktop/hexoDemo/hexogithub/node_modules/pseudomap/package.json
235 verbose installManyTop reading scoped package data from /Users/Jerry/Desktop/hexoDemo/hexogithub/node_modules/punycode/package.json
236 verbose installManyTop reading scoped package data from /Users/Jerry/Desktop/hexoDemo/hexogithub/node_modules/qs/package.json
237 verbose installManyTop reading scoped package data from /Users/Jerry/Desktop/hexoDemo/hexogithub/node_modules/randomatic/package.json
238 verbose installManyTop reading scoped package data from /Users/Jerry/Desktop/hexoDemo/hexogithub/node_modules/range-parser/package.json
239 verbose installManyTop reading scoped package data from /Users/Jerry/Desktop/hexoDemo/hexogithub/node_modules/readable-stream/package.json
240 verbose installManyTop reading scoped package data from /Users/Jerry/Desktop/hexoDemo/hexogithub/node_modules/readdirp/package.json
241 verbose installManyTop reading scoped package data from /Users/Jerry/Desktop/hexoDemo/hexogithub/node_modules/regex-cache/package.json
242 verbose installManyTop reading scoped package data from /Users/Jerry/Desktop/hexoDemo/hexogithub/node_modules/repeat-element/package.json
243 verbose installManyTop reading scoped package data from /Users/Jerry/Desktop/hexoDemo/hexogithub/node_modules/repeat-string/package.json
244 verbose installManyTop reading scoped package data from /Users/Jerry/Desktop/hexoDemo/hexogithub/node_modules/request/package.json
245 verbose installManyTop reading scoped package data from /Users/Jerry/Desktop/hexoDemo/hexogithub/node_modules/rimraf/package.json
246 verbose installManyTop reading scoped package data from /Users/Jerry/Desktop/hexoDemo/hexogithub/node_modules/safe-json-stringify/package.json
247 verbose installManyTop reading scoped package data from /Users/Jerry/Desktop/hexoDemo/hexogithub/node_modules/sax/package.json
248 verbose installManyTop reading scoped package data from /Users/Jerry/Desktop/hexoDemo/hexogithub/node_modules/send/package.json
249 verbose installManyTop reading scoped package data from /Users/Jerry/Desktop/hexoDemo/hexogithub/node_modules/sentence-case/package.json
250 verbose installManyTop reading scoped package data from /Users/Jerry/Desktop/hexoDemo/hexogithub/node_modules/serve-static/package.json
251 verbose installManyTop reading scoped package data from /Users/Jerry/Desktop/hexoDemo/hexogithub/node_modules/sntp/package.json
252 verbose installManyTop reading scoped package data from /Users/Jerry/Desktop/hexoDemo/hexogithub/node_modules/source-map/package.json
253 verbose installManyTop reading scoped package data from /Users/Jerry/Desktop/hexoDemo/hexogithub/node_modules/sprintf-js/package.json
254 verbose installManyTop reading scoped package data from /Users/Jerry/Desktop/hexoDemo/hexogithub/node_modules/sshpk/package.json
255 verbose installManyTop reading scoped package data from /Users/Jerry/Desktop/hexoDemo/hexogithub/node_modules/statuses/package.json
256 verbose installManyTop reading scoped package data from /Users/Jerry/Desktop/hexoDemo/hexogithub/node_modules/string-width/package.json
257 verbose installManyTop reading scoped package data from /Users/Jerry/Desktop/hexoDemo/hexogithub/node_modules/string_decoder/package.json
258 verbose installManyTop reading scoped package data from /Users/Jerry/Desktop/hexoDemo/hexogithub/node_modules/stringstream/package.json
259 verbose installManyTop reading scoped package data from /Users/Jerry/Desktop/hexoDemo/hexogithub/node_modules/strip-ansi/package.json
260 verbose installManyTop reading scoped package data from /Users/Jerry/Desktop/hexoDemo/hexogithub/node_modules/strip-indent/package.json
261 verbose installManyTop reading scoped package data from /Users/Jerry/Desktop/hexoDemo/hexogithub/node_modules/striptags/package.json
262 verbose installManyTop reading scoped package data from /Users/Jerry/Desktop/hexoDemo/hexogithub/node_modules/stylus/package.json
263 verbose installManyTop reading scoped package data from /Users/Jerry/Desktop/hexoDemo/hexogithub/node_modules/supports-color/package.json
264 verbose installManyTop reading scoped package data from /Users/Jerry/Desktop/hexoDemo/hexogithub/node_modules/swig/package.json
265 verbose installManyTop reading scoped package data from /Users/Jerry/Desktop/hexoDemo/hexogithub/node_modules/swig-extras/package.json
266 verbose installManyTop reading scoped package data from /Users/Jerry/Desktop/hexoDemo/hexogithub/node_modules/symbol-tree/package.json
267 verbose installManyTop reading scoped package data from /Users/Jerry/Desktop/hexoDemo/hexogithub/node_modules/text-table/package.json
268 verbose installManyTop reading scoped package data from /Users/Jerry/Desktop/hexoDemo/hexogithub/node_modules/through/package.json
269 verbose installManyTop reading scoped package data from /Users/Jerry/Desktop/hexoDemo/hexogithub/node_modules/tildify/package.json
270 verbose installManyTop reading scoped package data from /Users/Jerry/Desktop/hexoDemo/hexogithub/node_modules/titlecase/package.json
271 verbose installManyTop reading scoped package data from /Users/Jerry/Desktop/hexoDemo/hexogithub/node_modules/tough-cookie/package.json
272 verbose installManyTop reading scoped package data from /Users/Jerry/Desktop/hexoDemo/hexogithub/node_modules/tr46/package.json
273 verbose installManyTop reading scoped package data from /Users/Jerry/Desktop/hexoDemo/hexogithub/node_modules/tunnel-agent/package.json
274 verbose installManyTop reading scoped package data from /Users/Jerry/Desktop/hexoDemo/hexogithub/node_modules/tweetnacl/package.json
275 verbose installManyTop reading scoped package data from /Users/Jerry/Desktop/hexoDemo/hexogithub/node_modules/type-check/package.json
276 verbose installManyTop reading scoped package data from /Users/Jerry/Desktop/hexoDemo/hexogithub/node_modules/uglify-js/package.json
277 verbose installManyTop reading scoped package data from /Users/Jerry/Desktop/hexoDemo/hexogithub/node_modules/uglify-to-browserify/package.json
278 verbose installManyTop reading scoped package data from /Users/Jerry/Desktop/hexoDemo/hexogithub/node_modules/unpipe/package.json
279 verbose installManyTop reading scoped package data from /Users/Jerry/Desktop/hexoDemo/hexogithub/node_modules/upper-case/package.json
280 verbose installManyTop reading scoped package data from /Users/Jerry/Desktop/hexoDemo/hexogithub/node_modules/util-deprecate/package.json
281 verbose installManyTop reading scoped package data from /Users/Jerry/Desktop/hexoDemo/hexogithub/node_modules/utils-merge/package.json
282 verbose installManyTop reading scoped package data from /Users/Jerry/Desktop/hexoDemo/hexogithub/node_modules/uuid/package.json
283 verbose installManyTop reading scoped package data from /Users/Jerry/Desktop/hexoDemo/hexogithub/node_modules/vary/package.json
284 verbose installManyTop reading scoped package data from /Users/Jerry/Desktop/hexoDemo/hexogithub/node_modules/verror/package.json
285 verbose installManyTop reading scoped package data from /Users/Jerry/Desktop/hexoDemo/hexogithub/node_modules/warehouse/package.json
286 verbose installManyTop reading scoped package data from /Users/Jerry/Desktop/hexoDemo/hexogithub/node_modules/webidl-conversions/package.json
287 verbose installManyTop reading scoped package data from /Users/Jerry/Desktop/hexoDemo/hexogithub/node_modules/whatwg-url-compat/package.json
288 verbose installManyTop reading scoped package data from /Users/Jerry/Desktop/hexoDemo/hexogithub/node_modules/which/package.json
289 verbose installManyTop reading scoped package data from /Users/Jerry/Desktop/hexoDemo/hexogithub/node_modules/window-size/package.json
290 verbose installManyTop reading scoped package data from /Users/Jerry/Desktop/hexoDemo/hexogithub/node_modules/wordwrap/package.json
291 verbose installManyTop reading scoped package data from /Users/Jerry/Desktop/hexoDemo/hexogithub/node_modules/wrap-ansi/package.json
292 verbose installManyTop reading scoped package data from /Users/Jerry/Desktop/hexoDemo/hexogithub/node_modules/wrappy/package.json
293 verbose installManyTop reading scoped package data from /Users/Jerry/Desktop/hexoDemo/hexogithub/node_modules/xml-name-validator/package.json
294 verbose installManyTop reading scoped package data from /Users/Jerry/Desktop/hexoDemo/hexogithub/node_modules/xtend/package.json
295 verbose installManyTop reading scoped package data from /Users/Jerry/Desktop/hexoDemo/hexogithub/node_modules/y18n/package.json
296 verbose installManyTop reading scoped package data from /Users/Jerry/Desktop/hexoDemo/hexogithub/node_modules/yallist/package.json
297 verbose installManyTop reading scoped package data from /Users/Jerry/Desktop/hexoDemo/hexogithub/node_modules/yargs/package.json
298 info package.json arr-flatten@1.0.1 license should be a valid SPDX license expression
299 info package.json array-unique@0.2.1 license should be a valid SPDX license expression
300 info package.json async@0.2.10 No license field.
301 info package.json bcrypt-pbkdf@1.0.0 No repository field.
302 info package.json browser-fingerprint@0.0.1 No repository field.
303 info package.json css-select@1.2.0 license should be a valid SPDX license expression
304 info package.json css-what@2.1.0 license should be a valid SPDX license expression
305 info package.json deep-is@0.1.3 license should be a valid SPDX license expression
306 info package.json domelementtype@1.3.0 No license field.
307 info package.json domhandler@2.3.0 No license field.
308 info package.json domutils@1.5.1 No license field.
309 info package.json ejs@1.0.0 No license field.
310 info package.json entities@1.1.1 license should be a valid SPDX license expression
311 info package.json estraverse@1.9.3 No license field.
312 info package.json esutils@2.0.2 No license field.
313 info package.json expand-range@1.8.1 license should be a valid SPDX license expression
314 info package.json extsprintf@1.0.2 No license field.
315 info package.json filename-regex@2.0.0 license should be a valid SPDX license expression
316 info package.json for-in@0.1.4 license should be a valid SPDX license expression
317 info package.json for-own@0.1.3 license should be a valid SPDX license expression
318 info package.json glob-base@0.3.0 license should be a valid SPDX license expression
319 info package.json is-primitive@2.0.0 license should be a valid SPDX license expression
320 info package.json jsbn@0.1.0 license should be a valid SPDX license expression
321 info package.json json-schema@0.2.3 No license field.
322 info package.json markdown@0.5.0 No license field.
323 info package.json mime@1.3.4 No license field.
324 info package.json ms@0.7.1 No license field.
325 info package.json node@0.0.0 No description
326 info package.json node@0.0.0 No repository field.
327 info package.json node@0.0.0 No license field.
328 info package.json node-fingerprint@0.0.2 No repository field.
329 info package.json nopt@2.1.2 license should be a valid SPDX license expression
330 info package.json nth-check@1.0.1 license should be a valid SPDX license expression
331 info package.json nwmatcher@1.3.9 No license field.
332 info package.json optimist@0.6.1 license should be a valid SPDX license expression
333 info package.json parse5@1.5.1 No license field.
334 info package.json prelude-ls@1.1.2 No license field.
335 info package.json preserve@0.2.0 license should be a valid SPDX license expression
336 info package.json punycode@1.4.1 punycode is also the name of a node core module.
337 info package.json regex-cache@0.4.2 license should be a valid SPDX license expression
338 info package.json repeat-element@1.1.2 license should be a valid SPDX license expression
339 info package.json sax@0.5.8 license should be a valid SPDX license expression
340 info package.json sntp@1.0.9 No license field.
341 info package.json source-map@0.1.34 No license field.
342 info package.json string_decoder@0.10.31 string_decoder is also the name of a node core module.
343 info package.json uglify-js@2.4.24 license should be a valid SPDX license expression
344 info package.json utils-merge@1.0.0 No license field.
345 info package.json verror@1.3.6 No license field.
346 info package.json gulp-minify-css@1.2.4 No repository field.
347 info package.json hexo-generator-baidu-sitemap@0.1.2 license should be a valid SPDX license expression
348 verbose readDependencies loading dependencies from /Users/Jerry/Desktop/hexoDemo/hexogithub/package.json
349 silly cache add args [ 'hexo-theme-next@5.1.2', null ]
350 verbose cache add spec hexo-theme-next@5.1.2
351 silly cache add parsed spec Result {
351 silly cache add   raw: 'hexo-theme-next@5.1.2',
351 silly cache add   scope: null,
351 silly cache add   name: 'hexo-theme-next',
351 silly cache add   rawSpec: '5.1.2',
351 silly cache add   spec: '5.1.2',
351 silly cache add   type: 'version' }
352 silly addNamed hexo-theme-next@5.1.2
353 verbose addNamed "5.1.2" is a plain semver version for hexo-theme-next
354 silly mapToRegistry name hexo-theme-next
355 silly mapToRegistry using default registry
356 silly mapToRegistry registry https://registry.npm.taobao.org/
357 silly mapToRegistry data Result {
357 silly mapToRegistry   raw: 'hexo-theme-next',
357 silly mapToRegistry   scope: null,
357 silly mapToRegistry   name: 'hexo-theme-next',
357 silly mapToRegistry   rawSpec: '',
357 silly mapToRegistry   spec: 'latest',
357 silly mapToRegistry   type: 'tag' }
358 silly mapToRegistry uri https://registry.npm.taobao.org/hexo-theme-next
359 verbose addNameVersion registry:https://registry.npm.taobao.org/hexo-theme-next not in flight; fetching
360 verbose request uri https://registry.npm.taobao.org/hexo-theme-next
361 verbose request no auth needed
362 info attempt registry request try #1 at 15:21:23
363 verbose request id 726ace5804243cae
364 http request GET https://registry.npm.taobao.org/hexo-theme-next
365 http 404 https://registry.npm.taobao.org/hexo-theme-next
366 verbose headers { 'content-type': 'application/json',
366 verbose headers   'cache-control': 'max-age=0',
366 verbose headers   'content-length': '2',
366 verbose headers   'accept-ranges': 'bytes',
366 verbose headers   date: 'Mon, 30 Oct 2017 07:21:25 GMT',
366 verbose headers   via: '1.1 varnish',
366 verbose headers   age: '0',
366 verbose headers   connection: 'keep-alive',
366 verbose headers   'x-served-by': 'cache-nrt6136-NRT',
366 verbose headers   'x-cache': 'MISS',
366 verbose headers   'x-cache-hits': '0',
366 verbose headers   'x-timer': 'S1509348084.188295,VS0,VE846',
366 verbose headers   vary: 'Accept-Encoding' }
367 silly get cb [ 404,
367 silly get   { 'content-type': 'application/json',
367 silly get     'cache-control': 'max-age=0',
367 silly get     'content-length': '2',
367 silly get     'accept-ranges': 'bytes',
367 silly get     date: 'Mon, 30 Oct 2017 07:21:25 GMT',
367 silly get     via: '1.1 varnish',
367 silly get     age: '0',
367 silly get     connection: 'keep-alive',
367 silly get     'x-served-by': 'cache-nrt6136-NRT',
367 silly get     'x-cache': 'MISS',
367 silly get     'x-cache-hits': '0',
367 silly get     'x-timer': 'S1509348084.188295,VS0,VE846',
367 silly get     vary: 'Accept-Encoding' } ]
368 verbose stack Error: Registry returned 404 for GET on https://registry.npm.taobao.org/hexo-theme-next
368 verbose stack     at makeError (/usr/local/lib/node_modules/npm/node_modules/npm-registry-client/lib/request.js:264:12)
368 verbose stack     at CachingRegistryClient.<anonymous> (/usr/local/lib/node_modules/npm/node_modules/npm-registry-client/lib/request.js:242:14)
368 verbose stack     at Request._callback (/usr/local/lib/node_modules/npm/node_modules/npm-registry-client/lib/request.js:172:14)
368 verbose stack     at Request.self.callback (/usr/local/lib/node_modules/npm/node_modules/request/request.js:199:22)
368 verbose stack     at emitTwo (events.js:87:13)
368 verbose stack     at Request.emit (events.js:172:7)
368 verbose stack     at Request.<anonymous> (/usr/local/lib/node_modules/npm/node_modules/request/request.js:1036:10)
368 verbose stack     at emitOne (events.js:82:20)
368 verbose stack     at Request.emit (events.js:169:7)
368 verbose stack     at IncomingMessage.<anonymous> (/usr/local/lib/node_modules/npm/node_modules/request/request.js:963:12)
369 verbose statusCode 404
370 verbose pkgid hexo-theme-next
371 verbose cwd /Users/Jerry/Desktop/hexoDemo/hexogithub
372 error Darwin 16.7.0
373 error argv "/usr/local/bin/node" "/usr/local/bin/npm" "install" "hexo-theme-next@5.1.2" "--save"
374 error node v4.4.4
375 error npm  v2.15.1
376 error code E404
377 error 404 Registry returned 404 for GET on https://registry.npm.taobao.org/hexo-theme-next
377 error 404
377 error 404 'hexo-theme-next' is not in the npm registry.
377 error 404 You should bug the author to publish it (or use the name yourself!)
377 error 404 It was specified as a dependency of 'hexo-site'
377 error 404
377 error 404 Note that you can also install from a
377 error 404 tarball, folder, http url, or git url.
378 verbose exit [ 1, true ]
